<?xml version="1.0" encoding="UTF-8"?>
<testsuite xmlns:xsi="http://www.w3.org/2001/XMLSchema-instance" xsi:noNamespaceSchemaLocation="https://maven.apache.org/surefire/maven-surefire-plugin/xsd/surefire-test-report-3.0.xsd" version="3.0" name="com.bookstore.book.BooksApiTest" time="2.01" tests="4" errors="0" skipped="0" failures="0">
  <properties>
[...]
</properties>
  <testcase name="getAllBooks_returns200" classname="com.bookstore.book.BooksApiTest" time="0.383">
    <system-out><![CDATA[HTTP/1.1 200 OK
Content-Type: application/json; charset=utf-8; v=1.0
Date: Mon, 11 Aug 2025 03:25:09 GMT
Server: Kestrel
Transfer-Encoding: chunked
api-supported-versions: 1.0

[
    {
        "id": 1,
        "title": "Book 1",
        "description": "Lorem lorem lorem. Lorem lorem lorem. Lorem lorem lorem.\n",
        "pageCount": 100,
        "excerpt": "Lorem lorem lorem. Lorem lorem lorem. Lorem lorem lorem.\nLorem lorem lorem. Lorem lorem lorem. Lorem lorem lorem.\nLorem lorem lorem. Lorem lorem lorem. Lorem lorem lorem.\nLorem lorem lorem. Lorem lorem lorem. Lorem lorem lorem.\nLorem lorem lorem. Lorem lorem lorem. Lorem lorem lorem.\n",
        "publishDate": "2025-08-10T03:25:10.5124688+00:00"
    },
    {
        "id": 2,
        "title": "Book 2",
        "description": "Lorem lorem lorem. Lorem lorem lorem. Lorem lorem lorem.\n",
        "pageCount": 200,
        "excerpt": "Lorem lorem lorem. Lorem lorem lorem. Lorem lorem lorem.\nLorem lorem lorem. Lorem lorem lorem. Lorem lorem lorem.\nLorem lorem lorem. Lorem lorem lorem. Lorem lorem lorem.\nLorem lorem lorem. Lorem lorem lorem. Lorem lorem lorem.\nLorem lorem lorem. Lorem lorem lorem. Lorem lorem lorem.\n",
        "publishDate": "2025-08-09T03:25:10.5124779+00:00"
    },
    {
        "id": 3,
        "title": "Book 3",
        "description": "Lorem lorem lorem. Lorem lorem lorem. Lorem lorem lorem.\n",
        "pageCount": 300,
        "excerpt": "Lorem lorem lorem. Lorem lorem lorem. Lorem lorem lorem.\nLorem lorem lorem. Lorem lorem lorem. Lorem lorem lorem.\nLorem lorem lorem. Lorem lorem lorem. Lorem lorem lorem.\nLorem lorem lorem. Lorem lorem lorem. Lorem lorem lorem.\nLorem lorem lorem. Lorem lorem lorem. Lorem lorem lorem.\n",
        "publishDate": "2025-08-08T03:25:10.5124844+00:00"
    },
    {
        "id": 4,
        "title": "Book 4",
        "description": "Lorem lorem lorem. Lorem lorem lorem. Lorem lorem lorem.\n",
        "pageCount": 400,
        "excerpt": "Lorem lorem lorem. Lorem lorem lorem. Lorem lorem lorem.\nLorem lorem lorem. Lorem lorem lorem. Lorem lorem lorem.\nLorem lorem lorem. Lorem lorem lorem. Lorem lorem lorem.\nLorem lorem lorem. Lorem lorem lorem. Lorem lorem lorem.\nLorem lorem lorem. Lorem lorem lorem. Lorem lorem lorem.\n",
        "publishDate": "2025-08-07T03:25:10.5124908+00:00"
    },
    {
        "id": 5,
        "title": "Book 5",
        "description": "Lorem lorem lorem. Lorem lorem lorem. Lorem lorem lorem.\n",
        "pageCount": 500,
        "excerpt": "Lorem lorem lorem. Lorem lorem lorem. Lorem lorem lorem.\nLorem lorem lorem. Lorem lorem lorem. Lorem lorem lorem.\nLorem lorem lorem. Lorem lorem lorem. Lorem lorem lorem.\nLorem lorem lorem. Lorem lorem lorem. Lorem lorem lorem.\nLorem lorem lorem. Lorem lorem lorem. Lorem lorem lorem.\n",
        "publishDate": "2025-08-06T03:25:10.5124979+00:00"
    },
    {
        "id": 6,
        "title": "Book 6",
        "description": "Lorem lorem lorem. Lorem lorem lorem. Lorem lorem lorem.\n",
        "pageCount": 600,
        "excerpt": "Lorem lorem lorem. Lorem lorem lorem. Lorem lorem lorem.\nLorem lorem lorem. Lorem lorem lorem. Lorem lorem lorem.\nLorem lorem lorem. Lorem lorem lorem. Lorem lorem lorem.\nLorem lorem lorem. Lorem lorem lorem. Lorem lorem lorem.\nLorem lorem lorem. Lorem lorem lorem. Lorem lorem lorem.\n",
        "publishDate": "2025-08-05T03:25:10.5125044+00:00"
    },
    {
        "id": 7,
        "title": "Book 7",
        "description": "Lorem lorem lorem. Lorem lorem lorem. Lorem lorem lorem.\n",
        "pageCount": 700,
        "excerpt": "Lorem lorem lorem. Lorem lorem lorem. Lorem lorem lorem.\nLorem lorem lorem. Lorem lorem lorem. Lorem lorem lorem.\nLorem lorem lorem. Lorem lorem lorem. Lorem lorem lorem.\nLorem lorem lorem. Lorem lorem lorem. Lorem lorem lorem.\nLorem lorem lorem. Lorem lorem lorem. Lorem lorem lorem.\n",
        "publishDate": "2025-08-04T03:25:10.5125115+00:00"
    },
    {
        "id": 8,
        "title": "Book 8",
        "description": "Lorem lorem lorem. Lorem lorem lorem. Lorem lorem lorem.\n",
        "pageCount": 800,
        "excerpt": "Lorem lorem lorem. Lorem lorem lorem. Lorem lorem lorem.\nLorem lorem lorem. Lorem lorem lorem. Lorem lorem lorem.\nLorem lorem lorem. Lorem lorem lorem. Lorem lorem lorem.\nLorem lorem lorem. Lorem lorem lorem. Lorem lorem lorem.\nLorem lorem lorem. Lorem lorem lorem. Lorem lorem lorem.\n",
        "publishDate": "2025-08-03T03:25:10.5125178+00:00"
    },
    {
        "id": 9,
        "title": "Book 9",
        "description": "Lorem lorem lorem. Lorem lorem lorem. Lorem lorem lorem.\n",
        "pageCount": 900,
        "excerpt": "Lorem lorem lorem. Lorem lorem lorem. Lorem lorem lorem.\nLorem lorem lorem. Lorem lorem lorem. Lorem lorem lorem.\nLorem lorem lorem. Lorem lorem lorem. Lorem lorem lorem.\nLorem lorem lorem. Lorem lorem lorem. Lorem lorem lorem.\nLorem lorem lorem. Lorem lorem lorem. Lorem lorem lorem.\n",
        "publishDate": "2025-08-02T03:25:10.5125253+00:00"
    },
    {
        "id": 10,
        "title": "Book 10",
        "description": "Lorem lorem lorem. Lorem lorem lorem. Lorem lorem lorem.\n",
        "pageCount": 1000,
        "excerpt": "Lorem lorem lorem. Lorem lorem lorem. Lorem lorem lorem.\nLorem lorem lorem. Lorem lorem lorem. Lorem lorem lorem.\nLorem lorem lorem. Lorem lorem lorem. Lorem lorem lorem.\nLorem lorem lorem. Lorem lorem lorem. Lorem lorem lorem.\nLorem lorem lorem. Lorem lorem lorem. Lorem lorem lorem.\n",
        "publishDate": "2025-08-01T03:25:10.5125317+00:00"
    },
    {
        "id": 11,
        "title": "Book 11",
        "description": "Lorem lorem lorem. Lorem lorem lorem. Lorem lorem lorem.\n",
        "pageCount": 1100,
        "excerpt": "Lorem lorem lorem. Lorem lorem lorem. Lorem lorem lorem.\nLorem lorem lorem. Lorem lorem lorem. Lorem lorem lorem.\nLorem lorem lorem. Lorem lorem lorem. Lorem lorem lorem.\nLorem lorem lorem. Lorem lorem lorem. Lorem lorem lorem.\nLorem lorem lorem. Lorem lorem lorem. Lorem lorem lorem.\n",
        "publishDate": "2025-07-31T03:25:10.5125387+00:00"
    },
    {
        "id": 12,
        "title": "Book 12",
        "description": "Lorem lorem lorem. Lorem lorem lorem. Lorem lorem lorem.\n",
        "pageCount": 1200,
        "excerpt": "Lorem lorem lorem. Lorem lorem lorem. Lorem lorem lorem.\nLorem lorem lorem. Lorem lorem lorem. Lorem lorem lorem.\nLorem lorem lorem. Lorem lorem lorem. Lorem lorem lorem.\nLorem lorem lorem. Lorem lorem lorem. Lorem lorem lorem.\nLorem lorem lorem. Lorem lorem lorem. Lorem lorem lorem.\n",
        "publishDate": "2025-07-30T03:25:10.5125451+00:00"
    },
    {
        "id": 13,
        "title": "Book 13",
        "description": "Lorem lorem lorem. Lorem lorem lorem. Lorem lorem lorem.\n",
        "pageCount": 1300,
        "excerpt": "Lorem lorem lorem. Lorem lorem lorem. Lorem lorem lorem.\nLorem lorem lorem. Lorem lorem lorem. Lorem lorem lorem.\nLorem lorem lorem. Lorem lorem lorem. Lorem lorem lorem.\nLorem lorem lorem. Lorem lorem lorem. Lorem lorem lorem.\nLorem lorem lorem. Lorem lorem lorem. Lorem lorem lorem.\n",
        "publishDate": "2025-07-29T03:25:10.512552+00:00"
    },
    {
        "id": 14,
        "title": "Book 14",
        "description": "Lorem lorem lorem. Lorem lorem lorem. Lorem lorem lorem.\n",
        "pageCount": 1400,
        "excerpt": "Lorem lorem lorem. Lorem lorem lorem. Lorem lorem lorem.\nLorem lorem lorem. Lorem lorem lorem. Lorem lorem lorem.\nLorem lorem lorem. Lorem lorem lorem. Lorem lorem lorem.\nLorem lorem lorem. Lorem lorem lorem. Lorem lorem lorem.\nLorem lorem lorem. Lorem lorem lorem. Lorem lorem lorem.\n",
        "publishDate": "2025-07-28T03:25:10.5125583+00:00"
    },
    {
        "id": 15,
        "title": "Book 15",
        "description": "Lorem lorem lorem. Lorem lorem lorem. Lorem lorem lorem.\n",
        "pageCount": 1500,
        "excerpt": "Lorem lorem lorem. Lorem lorem lorem. Lorem lorem lorem.\nLorem lorem lorem. Lorem lorem lorem. Lorem lorem lorem.\nLorem lorem lorem. Lorem lorem lorem. Lorem lorem lorem.\nLorem lorem lorem. Lorem lorem lorem. Lorem lorem lorem.\nLorem lorem lorem. Lorem lorem lorem. Lorem lorem lorem.\n",
        "publishDate": "2025-07-27T03:25:10.5125656+00:00"
    },
    {
        "id": 16,
        "title": "Book 16",
        "description": "Lorem lorem lorem. Lorem lorem lorem. Lorem lorem lorem.\n",
        "pageCount": 1600,
        "excerpt": "Lorem lorem lorem. Lorem lorem lorem. Lorem lorem lorem.\nLorem lorem lorem. Lorem lorem lorem. Lorem lorem lorem.\nLorem lorem lorem. Lorem lorem lorem. Lorem lorem lorem.\nLorem lorem lorem. Lorem lorem lorem. Lorem lorem lorem.\nLorem lorem lorem. Lorem lorem lorem. Lorem lorem lorem.\n",
        "publishDate": "2025-07-26T03:25:10.5125718+00:00"
    },
    {
        "id": 17,
        "title": "Book 17",
        "description": "Lorem lorem lorem. Lorem lorem lorem. Lorem lorem lorem.\n",
        "pageCount": 1700,
        "excerpt": "Lorem lorem lorem. Lorem lorem lorem. Lorem lorem lorem.\nLorem lorem lorem. Lorem lorem lorem. Lorem lorem lorem.\nLorem lorem lorem. Lorem lorem lorem. Lorem lorem lorem.\nLorem lorem lorem. Lorem lorem lorem. Lorem lorem lorem.\nLorem lorem lorem. Lorem lorem lorem. Lorem lorem lorem.\n",
        "publishDate": "2025-07-25T03:25:10.5125781+00:00"
    },
    {
        "id": 18,
        "title": "Book 18",
        "description": "Lorem lorem lorem. Lorem lorem lorem. Lorem lorem lorem.\n",
        "pageCount": 1800,
        "excerpt": "Lorem lorem lorem. Lorem lorem lorem. Lorem lorem lorem.\nLorem lorem lorem. Lorem lorem lorem. Lorem lorem lorem.\nLorem lorem lorem. Lorem lorem lorem. Lorem lorem lorem.\nLorem lorem lorem. Lorem lorem lorem. Lorem lorem lorem.\nLorem lorem lorem. Lorem lorem lorem. Lorem lorem lorem.\n",
        "publishDate": "2025-07-24T03:25:10.5125853+00:00"
    },
    {
        "id": 19,
        "title": "Book 19",
        "description": "Lorem lorem lorem. Lorem lorem lorem. Lorem lorem lorem.\n",
        "pageCount": 1900,
        "excerpt": "Lorem lorem lorem. Lorem lorem lorem. Lorem lorem lorem.\nLorem lorem lorem. Lorem lorem lorem. Lorem lorem lorem.\nLorem lorem lorem. Lorem lorem lorem. Lorem lorem lorem.\nLorem lorem lorem. Lorem lorem lorem. Lorem lorem lorem.\nLorem lorem lorem. Lorem lorem lorem. Lorem lorem lorem.\n",
        "publishDate": "2025-07-23T03:25:10.5125916+00:00"
    },
    {
        "id": 20,
        "title": "Book 20",
        "description": "Lorem lorem lorem. Lorem lorem lorem. Lorem lorem lorem.\n",
        "pageCount": 2000,
        "excerpt": "Lorem lorem lorem. Lorem lorem lorem. Lorem lorem lorem.\nLorem lorem lorem. Lorem lorem lorem. Lorem lorem lorem.\nLorem lorem lorem. Lorem lorem lorem. Lorem lorem lorem.\nLorem lorem lorem. Lorem lorem lorem. Lorem lorem lorem.\nLorem lorem lorem. Lorem lorem lorem. Lorem lorem lorem.\n",
        "publishDate": "2025-07-22T03:25:10.5125988+00:00"
    },
    {
        "id": 21,
        "title": "Book 21",
        "description": "Lorem lorem lorem. Lorem lorem lorem. Lorem lorem lorem.\n",
        "pageCount": 2100,
        "excerpt": "Lorem lorem lorem. Lorem lorem lorem. Lorem lorem lorem.\nLorem lorem lorem. Lorem lorem lorem. Lorem lorem lorem.\nLorem lorem lorem. Lorem lorem lorem. Lorem lorem lorem.\nLorem lorem lorem. Lorem lorem lorem. Lorem lorem lorem.\nLorem lorem lorem. Lorem lorem lorem. Lorem lorem lorem.\n",
        "publishDate": "2025-07-21T03:25:10.5126049+00:00"
    },
    {
        "id": 22,
        "title": "Book 22",
        "description": "Lorem lorem lorem. Lorem lorem lorem. Lorem lorem lorem.\n",
        "pageCount": 2200,
        "excerpt": "Lorem lorem lorem. Lorem lorem lorem. Lorem lorem lorem.\nLorem lorem lorem. Lorem lorem lorem. Lorem lorem lorem.\nLorem lorem lorem. Lorem lorem lorem. Lorem lorem lorem.\nLorem lorem lorem. Lorem lorem lorem. Lorem lorem lorem.\nLorem lorem lorem. Lorem lorem lorem. Lorem lorem lorem.\n",
        "publishDate": "2025-07-20T03:25:10.5126121+00:00"
    },
    {
        "id": 23,
        "title": "Book 23",
        "description": "Lorem lorem lorem. Lorem lorem lorem. Lorem lorem lorem.\n",
        "pageCount": 2300,
        "excerpt": "Lorem lorem lorem. Lorem lorem lorem. Lorem lorem lorem.\nLorem lorem lorem. Lorem lorem lorem. Lorem lorem lorem.\nLorem lorem lorem. Lorem lorem lorem. Lorem lorem lorem.\nLorem lorem lorem. Lorem lorem lorem. Lorem lorem lorem.\nLorem lorem lorem. Lorem lorem lorem. Lorem lorem lorem.\n",
        "publishDate": "2025-07-19T03:25:10.5126183+00:00"
    },
    {
        "id": 24,
        "title": "Book 24",
        "description": "Lorem lorem lorem. Lorem lorem lorem. Lorem lorem lorem.\n",
        "pageCount": 2400,
        "excerpt": "Lorem lorem lorem. Lorem lorem lorem. Lorem lorem lorem.\nLorem lorem lorem. Lorem lorem lorem. Lorem lorem lorem.\nLorem lorem lorem. Lorem lorem lorem. Lorem lorem lorem.\nLorem lorem lorem. Lorem lorem lorem. Lorem lorem lorem.\nLorem lorem lorem. Lorem lorem lorem. Lorem lorem lorem.\n",
        "publishDate": "2025-07-18T03:25:10.5126252+00:00"
    },
    {
        "id": 25,
        "title": "Book 25",
        "description": "Lorem lorem lorem. Lorem lorem lorem. Lorem lorem lorem.\n",
        "pageCount": 2500,
        "excerpt": "Lorem lorem lorem. Lorem lorem lorem. Lorem lorem lorem.\nLorem lorem lorem. Lorem lorem lorem. Lorem lorem lorem.\nLorem lorem lorem. Lorem lorem lorem. Lorem lorem lorem.\nLorem lorem lorem. Lorem lorem lorem. Lorem lorem lorem.\nLorem lorem lorem. Lorem lorem lorem. Lorem lorem lorem.\n",
        "publishDate": "2025-07-17T03:25:10.5126315+00:00"
    },
    {
        "id": 26,
        "title": "Book 26",
        "description": "Lorem lorem lorem. Lorem lorem lorem. Lorem lorem lorem.\n",
        "pageCount": 2600,
        "excerpt": "Lorem lorem lorem. Lorem lorem lorem. Lorem lorem lorem.\nLorem lorem lorem. Lorem lorem lorem. Lorem lorem lorem.\nLorem lorem lorem. Lorem lorem lorem. Lorem lorem lorem.\nLorem lorem lorem. Lorem lorem lorem. Lorem lorem lorem.\nLorem lorem lorem. Lorem lorem lorem. Lorem lorem lorem.\n",
        "publishDate": "2025-07-16T03:25:10.5126388+00:00"
    },
    {
        "id": 27,
        "title": "Book 27",
        "description": "Lorem lorem lorem. Lorem lorem lorem. Lorem lorem lorem.\n",
        "pageCount": 2700,
        "excerpt": "Lorem lorem lorem. Lorem lorem lorem. Lorem lorem lorem.\nLorem lorem lorem. Lorem lorem lorem. Lorem lorem lorem.\nLorem lorem lorem. Lorem lorem lorem. Lorem lorem lorem.\nLorem lorem lorem. Lorem lorem lorem. Lorem lorem lorem.\nLorem lorem lorem. Lorem lorem lorem. Lorem lorem lorem.\n",
        "publishDate": "2025-07-15T03:25:10.5126451+00:00"
    },
    {
        "id": 28,
        "title": "Book 28",
        "description": "Lorem lorem lorem. Lorem lorem lorem. Lorem lorem lorem.\n",
        "pageCount": 2800,
        "excerpt": "Lorem lorem lorem. Lorem lorem lorem. Lorem lorem lorem.\nLorem lorem lorem. Lorem lorem lorem. Lorem lorem lorem.\nLorem lorem lorem. Lorem lorem lorem. Lorem lorem lorem.\nLorem lorem lorem. Lorem lorem lorem. Lorem lorem lorem.\nLorem lorem lorem. Lorem lorem lorem. Lorem lorem lorem.\n",
        "publishDate": "2025-07-14T03:25:10.5126521+00:00"
    },
    {
        "id": 29,
        "title": "Book 29",
        "description": "Lorem lorem lorem. Lorem lorem lorem. Lorem lorem lorem.\n",
        "pageCount": 2900,
        "excerpt": "Lorem lorem lorem. Lorem lorem lorem. Lorem lorem lorem.\nLorem lorem lorem. Lorem lorem lorem. Lorem lorem lorem.\nLorem lorem lorem. Lorem lorem lorem. Lorem lorem lorem.\nLorem lorem lorem. Lorem lorem lorem. Lorem lorem lorem.\nLorem lorem lorem. Lorem lorem lorem. Lorem lorem lorem.\n",
        "publishDate": "2025-07-13T03:25:10.5126583+00:00"
    },
    {
        "id": 30,
        "title": "Book 30",
        "description": "Lorem lorem lorem. Lorem lorem lorem. Lorem lorem lorem.\n",
        "pageCount": 3000,
        "excerpt": "Lorem lorem lorem. Lorem lorem lorem. Lorem lorem lorem.\nLorem lorem lorem. Lorem lorem lorem. Lorem lorem lorem.\nLorem lorem lorem. Lorem lorem lorem. Lorem lorem lorem.\nLorem lorem lorem. Lorem lorem lorem. Lorem lorem lorem.\nLorem lorem lorem. Lorem lorem lorem. Lorem lorem lorem.\n",
        "publishDate": "2025-07-12T03:25:10.5126655+00:00"
    },
    {
        "id": 31,
        "title": "Book 31",
        "description": "Lorem lorem lorem. Lorem lorem lorem. Lorem lorem lorem.\n",
        "pageCount": 3100,
        "excerpt": "Lorem lorem lorem. Lorem lorem lorem. Lorem lorem lorem.\nLorem lorem lorem. Lorem lorem lorem. Lorem lorem lorem.\nLorem lorem lorem. Lorem lorem lorem. Lorem lorem lorem.\nLorem lorem lorem. Lorem lorem lorem. Lorem lorem lorem.\nLorem lorem lorem. Lorem lorem lorem. Lorem lorem lorem.\n",
        "publishDate": "2025-07-11T03:25:10.5126719+00:00"
    },
    {
        "id": 32,
        "title": "Book 32",
        "description": "Lorem lorem lorem. Lorem lorem lorem. Lorem lorem lorem.\n",
        "pageCount": 3200,
        "excerpt": "Lorem lorem lorem. Lorem lorem lorem. Lorem lorem lorem.\nLorem lorem lorem. Lorem lorem lorem. Lorem lorem lorem.\nLorem lorem lorem. Lorem lorem lorem. Lorem lorem lorem.\nLorem lorem lorem. Lorem lorem lorem. Lorem lorem lorem.\nLorem lorem lorem. Lorem lorem lorem. Lorem lorem lorem.\n",
        "publishDate": "2025-07-10T03:25:10.5126783+00:00"
    },
    {
        "id": 33,
        "title": "Book 33",
        "description": "Lorem lorem lorem. Lorem lorem lorem. Lorem lorem lorem.\n",
        "pageCount": 3300,
        "excerpt": "Lorem lorem lorem. Lorem lorem lorem. Lorem lorem lorem.\nLorem lorem lorem. Lorem lorem lorem. Lorem lorem lorem.\nLorem lorem lorem. Lorem lorem lorem. Lorem lorem lorem.\nLorem lorem lorem. Lorem lorem lorem. Lorem lorem lorem.\nLorem lorem lorem. Lorem lorem lorem. Lorem lorem lorem.\n",
        "publishDate": "2025-07-09T03:25:10.5126856+00:00"
    },
    {
        "id": 34,
        "title": "Book 34",
        "description": "Lorem lorem lorem. Lorem lorem lorem. Lorem lorem lorem.\n",
        "pageCount": 3400,
        "excerpt": "Lorem lorem lorem. Lorem lorem lorem. Lorem lorem lorem.\nLorem lorem lorem. Lorem lorem lorem. Lorem lorem lorem.\nLorem lorem lorem. Lorem lorem lorem. Lorem lorem lorem.\nLorem lorem lorem. Lorem lorem lorem. Lorem lorem lorem.\nLorem lorem lorem. Lorem lorem lorem. Lorem lorem lorem.\n",
        "publishDate": "2025-07-08T03:25:10.5126921+00:00"
    },
    {
        "id": 35,
        "title": "Book 35",
        "description": "Lorem lorem lorem. Lorem lorem lorem. Lorem lorem lorem.\n",
        "pageCount": 3500,
        "excerpt": "Lorem lorem lorem. Lorem lorem lorem. Lorem lorem lorem.\nLorem lorem lorem. Lorem lorem lorem. Lorem lorem lorem.\nLorem lorem lorem. Lorem lorem lorem. Lorem lorem lorem.\nLorem lorem lorem. Lorem lorem lorem. Lorem lorem lorem.\nLorem lorem lorem. Lorem lorem lorem. Lorem lorem lorem.\n",
        "publishDate": "2025-07-07T03:25:10.5126991+00:00"
    },
    {
        "id": 36,
        "title": "Book 36",
        "description": "Lorem lorem lorem. Lorem lorem lorem. Lorem lorem lorem.\n",
        "pageCount": 3600,
        "excerpt": "Lorem lorem lorem. Lorem lorem lorem. Lorem lorem lorem.\nLorem lorem lorem. Lorem lorem lorem. Lorem lorem lorem.\nLorem lorem lorem. Lorem lorem lorem. Lorem lorem lorem.\nLorem lorem lorem. Lorem lorem lorem. Lorem lorem lorem.\nLorem lorem lorem. Lorem lorem lorem. Lorem lorem lorem.\n",
        "publishDate": "2025-07-06T03:25:10.5127055+00:00"
    },
    {
        "id": 37,
        "title": "Book 37",
        "description": "Lorem lorem lorem. Lorem lorem lorem. Lorem lorem lorem.\n",
        "pageCount": 3700,
        "excerpt": "Lorem lorem lorem. Lorem lorem lorem. Lorem lorem lorem.\nLorem lorem lorem. Lorem lorem lorem. Lorem lorem lorem.\nLorem lorem lorem. Lorem lorem lorem. Lorem lorem lorem.\nLorem lorem lorem. Lorem lorem lorem. Lorem lorem lorem.\nLorem lorem lorem. Lorem lorem lorem. Lorem lorem lorem.\n",
        "publishDate": "2025-07-05T03:25:10.5127125+00:00"
    },
    {
        "id": 38,
        "title": "Book 38",
        "description": "Lorem lorem lorem. Lorem lorem lorem. Lorem lorem lorem.\n",
        "pageCount": 3800,
        "excerpt": "Lorem lorem lorem. Lorem lorem lorem. Lorem lorem lorem.\nLorem lorem lorem. Lorem lorem lorem. Lorem lorem lorem.\nLorem lorem lorem. Lorem lorem lorem. Lorem lorem lorem.\nLorem lorem lorem. Lorem lorem lorem. Lorem lorem lorem.\nLorem lorem lorem. Lorem lorem lorem. Lorem lorem lorem.\n",
        "publishDate": "2025-07-04T03:25:10.5127188+00:00"
    },
    {
        "id": 39,
        "title": "Book 39",
        "description": "Lorem lorem lorem. Lorem lorem lorem. Lorem lorem lorem.\n",
        "pageCount": 3900,
        "excerpt": "Lorem lorem lorem. Lorem lorem lorem. Lorem lorem lorem.\nLorem lorem lorem. Lorem lorem lorem. Lorem lorem lorem.\nLorem lorem lorem. Lorem lorem lorem. Lorem lorem lorem.\nLorem lorem lorem. Lorem lorem lorem. Lorem lorem lorem.\nLorem lorem lorem. Lorem lorem lorem. Lorem lorem lorem.\n",
        "publishDate": "2025-07-03T03:25:10.5127259+00:00"
    },
    {
        "id": 40,
        "title": "Book 40",
        "description": "Lorem lorem lorem. Lorem lorem lorem. Lorem lorem lorem.\n",
        "pageCount": 4000,
        "excerpt": "Lorem lorem lorem. Lorem lorem lorem. Lorem lorem lorem.\nLorem lorem lorem. Lorem lorem lorem. Lorem lorem lorem.\nLorem lorem lorem. Lorem lorem lorem. Lorem lorem lorem.\nLorem lorem lorem. Lorem lorem lorem. Lorem lorem lorem.\nLorem lorem lorem. Lorem lorem lorem. Lorem lorem lorem.\n",
        "publishDate": "2025-07-02T03:25:10.512732+00:00"
    },
    {
        "id": 41,
        "title": "Book 41",
        "description": "Lorem lorem lorem. Lorem lorem lorem. Lorem lorem lorem.\n",
        "pageCount": 4100,
        "excerpt": "Lorem lorem lorem. Lorem lorem lorem. Lorem lorem lorem.\nLorem lorem lorem. Lorem lorem lorem. Lorem lorem lorem.\nLorem lorem lorem. Lorem lorem lorem. Lorem lorem lorem.\nLorem lorem lorem. Lorem lorem lorem. Lorem lorem lorem.\nLorem lorem lorem. Lorem lorem lorem. Lorem lorem lorem.\n",
        "publishDate": "2025-07-01T03:25:10.5127389+00:00"
    },
    {
        "id": 42,
        "title": "Book 42",
        "description": "Lorem lorem lorem. Lorem lorem lorem. Lorem lorem lorem.\n",
        "pageCount": 4200,
        "excerpt": "Lorem lorem lorem. Lorem lorem lorem. Lorem lorem lorem.\nLorem lorem lorem. Lorem lorem lorem. Lorem lorem lorem.\nLorem lorem lorem. Lorem lorem lorem. Lorem lorem lorem.\nLorem lorem lorem. Lorem lorem lorem. Lorem lorem lorem.\nLorem lorem lorem. Lorem lorem lorem. Lorem lorem lorem.\n",
        "publishDate": "2025-06-30T03:25:10.5127452+00:00"
    },
    {
        "id": 43,
        "title": "Book 43",
        "description": "Lorem lorem lorem. Lorem lorem lorem. Lorem lorem lorem.\n",
        "pageCount": 4300,
        "excerpt": "Lorem lorem lorem. Lorem lorem lorem. Lorem lorem lorem.\nLorem lorem lorem. Lorem lorem lorem. Lorem lorem lorem.\nLorem lorem lorem. Lorem lorem lorem. Lorem lorem lorem.\nLorem lorem lorem. Lorem lorem lorem. Lorem lorem lorem.\nLorem lorem lorem. Lorem lorem lorem. Lorem lorem lorem.\n",
        "publishDate": "2025-06-29T03:25:10.5127522+00:00"
    },
    {
        "id": 44,
        "title": "Book 44",
        "description": "Lorem lorem lorem. Lorem lorem lorem. Lorem lorem lorem.\n",
        "pageCount": 4400,
        "excerpt": "Lorem lorem lorem. Lorem lorem lorem. Lorem lorem lorem.\nLorem lorem lorem. Lorem lorem lorem. Lorem lorem lorem.\nLorem lorem lorem. Lorem lorem lorem. Lorem lorem lorem.\nLorem lorem lorem. Lorem lorem lorem. Lorem lorem lorem.\nLorem lorem lorem. Lorem lorem lorem. Lorem lorem lorem.\n",
        "publishDate": "2025-06-28T03:25:10.5127587+00:00"
    },
    {
        "id": 45,
        "title": "Book 45",
        "description": "Lorem lorem lorem. Lorem lorem lorem. Lorem lorem lorem.\n",
        "pageCount": 4500,
        "excerpt": "Lorem lorem lorem. Lorem lorem lorem. Lorem lorem lorem.\nLorem lorem lorem. Lorem lorem lorem. Lorem lorem lorem.\nLorem lorem lorem. Lorem lorem lorem. Lorem lorem lorem.\nLorem lorem lorem. Lorem lorem lorem. Lorem lorem lorem.\nLorem lorem lorem. Lorem lorem lorem. Lorem lorem lorem.\n",
        "publishDate": "2025-06-27T03:25:10.5127658+00:00"
    },
    {
        "id": 46,
        "title": "Book 46",
        "description": "Lorem lorem lorem. Lorem lorem lorem. Lorem lorem lorem.\n",
        "pageCount": 4600,
        "excerpt": "Lorem lorem lorem. Lorem lorem lorem. Lorem lorem lorem.\nLorem lorem lorem. Lorem lorem lorem. Lorem lorem lorem.\nLorem lorem lorem. Lorem lorem lorem. Lorem lorem lorem.\nLorem lorem lorem. Lorem lorem lorem. Lorem lorem lorem.\nLorem lorem lorem. Lorem lorem lorem. Lorem lorem lorem.\n",
        "publishDate": "2025-06-26T03:25:10.5127719+00:00"
    },
    {
        "id": 47,
        "title": "Book 47",
        "description": "Lorem lorem lorem. Lorem lorem lorem. Lorem lorem lorem.\n",
        "pageCount": 4700,
        "excerpt": "Lorem lorem lorem. Lorem lorem lorem. Lorem lorem lorem.\nLorem lorem lorem. Lorem lorem lorem. Lorem lorem lorem.\nLorem lorem lorem. Lorem lorem lorem. Lorem lorem lorem.\nLorem lorem lorem. Lorem lorem lorem. Lorem lorem lorem.\nLorem lorem lorem. Lorem lorem lorem. Lorem lorem lorem.\n",
        "publishDate": "2025-06-25T03:25:10.5127791+00:00"
    },
    {
        "id": 48,
        "title": "Book 48",
        "description": "Lorem lorem lorem. Lorem lorem lorem. Lorem lorem lorem.\n",
        "pageCount": 4800,
        "excerpt": "Lorem lorem lorem. Lorem lorem lorem. Lorem lorem lorem.\nLorem lorem lorem. Lorem lorem lorem. Lorem lorem lorem.\nLorem lorem lorem. Lorem lorem lorem. Lorem lorem lorem.\nLorem lorem lorem. Lorem lorem lorem. Lorem lorem lorem.\nLorem lorem lorem. Lorem lorem lorem. Lorem lorem lorem.\n",
        "publishDate": "2025-06-24T03:25:10.5127855+00:00"
    },
    {
        "id": 49,
        "title": "Book 49",
        "description": "Lorem lorem lorem. Lorem lorem lorem. Lorem lorem lorem.\n",
        "pageCount": 4900,
        "excerpt": "Lorem lorem lorem. Lorem lorem lorem. Lorem lorem lorem.\nLorem lorem lorem. Lorem lorem lorem. Lorem lorem lorem.\nLorem lorem lorem. Lorem lorem lorem. Lorem lorem lorem.\nLorem lorem lorem. Lorem lorem lorem. Lorem lorem lorem.\nLorem lorem lorem. Lorem lorem lorem. Lorem lorem lorem.\n",
        "publishDate": "2025-06-23T03:25:10.5127919+00:00"
    },
    {
        "id": 50,
        "title": "Book 50",
        "description": "Lorem lorem lorem. Lorem lorem lorem. Lorem lorem lorem.\n",
        "pageCount": 5000,
        "excerpt": "Lorem lorem lorem. Lorem lorem lorem. Lorem lorem lorem.\nLorem lorem lorem. Lorem lorem lorem. Lorem lorem lorem.\nLorem lorem lorem. Lorem lorem lorem. Lorem lorem lorem.\nLorem lorem lorem. Lorem lorem lorem. Lorem lorem lorem.\nLorem lorem lorem. Lorem lorem lorem. Lorem lorem lorem.\n",
        "publishDate": "2025-06-22T03:25:10.5127989+00:00"
    },
    {
        "id": 51,
        "title": "Book 51",
        "description": "Lorem lorem lorem. Lorem lorem lorem. Lorem lorem lorem.\n",
        "pageCount": 5100,
        "excerpt": "Lorem lorem lorem. Lorem lorem lorem. Lorem lorem lorem.\nLorem lorem lorem. Lorem lorem lorem. Lorem lorem lorem.\nLorem lorem lorem. Lorem lorem lorem. Lorem lorem lorem.\nLorem lorem lorem. Lorem lorem lorem. Lorem lorem lorem.\nLorem lorem lorem. Lorem lorem lorem. Lorem lorem lorem.\n",
        "publishDate": "2025-06-21T03:25:10.5128052+00:00"
    },
    {
        "id": 52,
        "title": "Book 52",
        "description": "Lorem lorem lorem. Lorem lorem lorem. Lorem lorem lorem.\n",
        "pageCount": 5200,
        "excerpt": "Lorem lorem lorem. Lorem lorem lorem. Lorem lorem lorem.\nLorem lorem lorem. Lorem lorem lorem. Lorem lorem lorem.\nLorem lorem lorem. Lorem lorem lorem. Lorem lorem lorem.\nLorem lorem lorem. Lorem lorem lorem. Lorem lorem lorem.\nLorem lorem lorem. Lorem lorem lorem. Lorem lorem lorem.\n",
        "publishDate": "2025-06-20T03:25:10.5128121+00:00"
    },
    {
        "id": 53,
        "title": "Book 53",
        "description": "Lorem lorem lorem. Lorem lorem lorem. Lorem lorem lorem.\n",
        "pageCount": 5300,
        "excerpt": "Lorem lorem lorem. Lorem lorem lorem. Lorem lorem lorem.\nLorem lorem lorem. Lorem lorem lorem. Lorem lorem lorem.\nLorem lorem lorem. Lorem lorem lorem. Lorem lorem lorem.\nLorem lorem lorem. Lorem lorem lorem. Lorem lorem lorem.\nLorem lorem lorem. Lorem lorem lorem. Lorem lorem lorem.\n",
        "publishDate": "2025-06-19T03:25:10.5128182+00:00"
    },
    {
        "id": 54,
        "title": "Book 54",
        "description": "Lorem lorem lorem. Lorem lorem lorem. Lorem lorem lorem.\n",
        "pageCount": 5400,
        "excerpt": "Lorem lorem lorem. Lorem lorem lorem. Lorem lorem lorem.\nLorem lorem lorem. Lorem lorem lorem. Lorem lorem lorem.\nLorem lorem lorem. Lorem lorem lorem. Lorem lorem lorem.\nLorem lorem lorem. Lorem lorem lorem. Lorem lorem lorem.\nLorem lorem lorem. Lorem lorem lorem. Lorem lorem lorem.\n",
        "publishDate": "2025-06-18T03:25:10.5128254+00:00"
    },
    {
        "id": 55,
        "title": "Book 55",
        "description": "Lorem lorem lorem. Lorem lorem lorem. Lorem lorem lorem.\n",
        "pageCount": 5500,
        "excerpt": "Lorem lorem lorem. Lorem lorem lorem. Lorem lorem lorem.\nLorem lorem lorem. Lorem lorem lorem. Lorem lorem lorem.\nLorem lorem lorem. Lorem lorem lorem. Lorem lorem lorem.\nLorem lorem lorem. Lorem lorem lorem. Lorem lorem lorem.\nLorem lorem lorem. Lorem lorem lorem. Lorem lorem lorem.\n",
        "publishDate": "2025-06-17T03:25:10.512832+00:00"
    },
    {
        "id": 56,
        "title": "Book 56",
        "description": "Lorem lorem lorem. Lorem lorem lorem. Lorem lorem lorem.\n",
        "pageCount": 5600,
        "excerpt": "Lorem lorem lorem. Lorem lorem lorem. Lorem lorem lorem.\nLorem lorem lorem. Lorem lorem lorem. Lorem lorem lorem.\nLorem lorem lorem. Lorem lorem lorem. Lorem lorem lorem.\nLorem lorem lorem. Lorem lorem lorem. Lorem lorem lorem.\nLorem lorem lorem. Lorem lorem lorem. Lorem lorem lorem.\n",
        "publishDate": "2025-06-16T03:25:10.5128389+00:00"
    },
    {
        "id": 57,
        "title": "Book 57",
        "description": "Lorem lorem lorem. Lorem lorem lorem. Lorem lorem lorem.\n",
        "pageCount": 5700,
        "excerpt": "Lorem lorem lorem. Lorem lorem lorem. Lorem lorem lorem.\nLorem lorem lorem. Lorem lorem lorem. Lorem lorem lorem.\nLorem lorem lorem. Lorem lorem lorem. Lorem lorem lorem.\nLorem lorem lorem. Lorem lorem lorem. Lorem lorem lorem.\nLorem lorem lorem. Lorem lorem lorem. Lorem lorem lorem.\n",
        "publishDate": "2025-06-15T03:25:10.5128453+00:00"
    },
    {
        "id": 58,
        "title": "Book 58",
        "description": "Lorem lorem lorem. Lorem lorem lorem. Lorem lorem lorem.\n",
        "pageCount": 5800,
        "excerpt": "Lorem lorem lorem. Lorem lorem lorem. Lorem lorem lorem.\nLorem lorem lorem. Lorem lorem lorem. Lorem lorem lorem.\nLorem lorem lorem. Lorem lorem lorem. Lorem lorem lorem.\nLorem lorem lorem. Lorem lorem lorem. Lorem lorem lorem.\nLorem lorem lorem. Lorem lorem lorem. Lorem lorem lorem.\n",
        "publishDate": "2025-06-14T03:25:10.5128524+00:00"
    },
    {
        "id": 59,
        "title": "Book 59",
        "description": "Lorem lorem lorem. Lorem lorem lorem. Lorem lorem lorem.\n",
        "pageCount": 5900,
        "excerpt": "Lorem lorem lorem. Lorem lorem lorem. Lorem lorem lorem.\nLorem lorem lorem. Lorem lorem lorem. Lorem lorem lorem.\nLorem lorem lorem. Lorem lorem lorem. Lorem lorem lorem.\nLorem lorem lorem. Lorem lorem lorem. Lorem lorem lorem.\nLorem lorem lorem. Lorem lorem lorem. Lorem lorem lorem.\n",
        "publishDate": "2025-06-13T03:25:10.5128586+00:00"
    },
    {
        "id": 60,
        "title": "Book 60",
        "description": "Lorem lorem lorem. Lorem lorem lorem. Lorem lorem lorem.\n",
        "pageCount": 6000,
        "excerpt": "Lorem lorem lorem. Lorem lorem lorem. Lorem lorem lorem.\nLorem lorem lorem. Lorem lorem lorem. Lorem lorem lorem.\nLorem lorem lorem. Lorem lorem lorem. Lorem lorem lorem.\nLorem lorem lorem. Lorem lorem lorem. Lorem lorem lorem.\nLorem lorem lorem. Lorem lorem lorem. Lorem lorem lorem.\n",
        "publishDate": "2025-06-12T03:25:10.5128661+00:00"
    },
    {
        "id": 61,
        "title": "Book 61",
        "description": "Lorem lorem lorem. Lorem lorem lorem. Lorem lorem lorem.\n",
        "pageCount": 6100,
        "excerpt": "Lorem lorem lorem. Lorem lorem lorem. Lorem lorem lorem.\nLorem lorem lorem. Lorem lorem lorem. Lorem lorem lorem.\nLorem lorem lorem. Lorem lorem lorem. Lorem lorem lorem.\nLorem lorem lorem. Lorem lorem lorem. Lorem lorem lorem.\nLorem lorem lorem. Lorem lorem lorem. Lorem lorem lorem.\n",
        "publishDate": "2025-06-11T03:25:10.5128722+00:00"
    },
    {
        "id": 62,
        "title": "Book 62",
        "description": "Lorem lorem lorem. Lorem lorem lorem. Lorem lorem lorem.\n",
        "pageCount": 6200,
        "excerpt": "Lorem lorem lorem. Lorem lorem lorem. Lorem lorem lorem.\nLorem lorem lorem. Lorem lorem lorem. Lorem lorem lorem.\nLorem lorem lorem. Lorem lorem lorem. Lorem lorem lorem.\nLorem lorem lorem. Lorem lorem lorem. Lorem lorem lorem.\nLorem lorem lorem. Lorem lorem lorem. Lorem lorem lorem.\n",
        "publishDate": "2025-06-10T03:25:10.5128784+00:00"
    },
    {
        "id": 63,
        "title": "Book 63",
        "description": "Lorem lorem lorem. Lorem lorem lorem. Lorem lorem lorem.\n",
        "pageCount": 6300,
        "excerpt": "Lorem lorem lorem. Lorem lorem lorem. Lorem lorem lorem.\nLorem lorem lorem. Lorem lorem lorem. Lorem lorem lorem.\nLorem lorem lorem. Lorem lorem lorem. Lorem lorem lorem.\nLorem lorem lorem. Lorem lorem lorem. Lorem lorem lorem.\nLorem lorem lorem. Lorem lorem lorem. Lorem lorem lorem.\n",
        "publishDate": "2025-06-09T03:25:10.5128856+00:00"
    },
    {
        "id": 64,
        "title": "Book 64",
        "description": "Lorem lorem lorem. Lorem lorem lorem. Lorem lorem lorem.\n",
        "pageCount": 6400,
        "excerpt": "Lorem lorem lorem. Lorem lorem lorem. Lorem lorem lorem.\nLorem lorem lorem. Lorem lorem lorem. Lorem lorem lorem.\nLorem lorem lorem. Lorem lorem lorem. Lorem lorem lorem.\nLorem lorem lorem. Lorem lorem lorem. Lorem lorem lorem.\nLorem lorem lorem. Lorem lorem lorem. Lorem lorem lorem.\n",
        "publishDate": "2025-06-08T03:25:10.5128919+00:00"
    },
    {
        "id": 65,
        "title": "Book 65",
        "description": "Lorem lorem lorem. Lorem lorem lorem. Lorem lorem lorem.\n",
        "pageCount": 6500,
        "excerpt": "Lorem lorem lorem. Lorem lorem lorem. Lorem lorem lorem.\nLorem lorem lorem. Lorem lorem lorem. Lorem lorem lorem.\nLorem lorem lorem. Lorem lorem lorem. Lorem lorem lorem.\nLorem lorem lorem. Lorem lorem lorem. Lorem lorem lorem.\nLorem lorem lorem. Lorem lorem lorem. Lorem lorem lorem.\n",
        "publishDate": "2025-06-07T03:25:10.5128989+00:00"
    },
    {
        "id": 66,
        "title": "Book 66",
        "description": "Lorem lorem lorem. Lorem lorem lorem. Lorem lorem lorem.\n",
        "pageCount": 6600,
        "excerpt": "Lorem lorem lorem. Lorem lorem lorem. Lorem lorem lorem.\nLorem lorem lorem. Lorem lorem lorem. Lorem lorem lorem.\nLorem lorem lorem. Lorem lorem lorem. Lorem lorem lorem.\nLorem lorem lorem. Lorem lorem lorem. Lorem lorem lorem.\nLorem lorem lorem. Lorem lorem lorem. Lorem lorem lorem.\n",
        "publishDate": "2025-06-06T03:25:10.5129053+00:00"
    },
    {
        "id": 67,
        "title": "Book 67",
        "description": "Lorem lorem lorem. Lorem lorem lorem. Lorem lorem lorem.\n",
        "pageCount": 6700,
        "excerpt": "Lorem lorem lorem. Lorem lorem lorem. Lorem lorem lorem.\nLorem lorem lorem. Lorem lorem lorem. Lorem lorem lorem.\nLorem lorem lorem. Lorem lorem lorem. Lorem lorem lorem.\nLorem lorem lorem. Lorem lorem lorem. Lorem lorem lorem.\nLorem lorem lorem. Lorem lorem lorem. Lorem lorem lorem.\n",
        "publishDate": "2025-06-05T03:25:10.5129122+00:00"
    },
    {
        "id": 68,
        "title": "Book 68",
        "description": "Lorem lorem lorem. Lorem lorem lorem. Lorem lorem lorem.\n",
        "pageCount": 6800,
        "excerpt": "Lorem lorem lorem. Lorem lorem lorem. Lorem lorem lorem.\nLorem lorem lorem. Lorem lorem lorem. Lorem lorem lorem.\nLorem lorem lorem. Lorem lorem lorem. Lorem lorem lorem.\nLorem lorem lorem. Lorem lorem lorem. Lorem lorem lorem.\nLorem lorem lorem. Lorem lorem lorem. Lorem lorem lorem.\n",
        "publishDate": "2025-06-04T03:25:10.5129185+00:00"
    },
    {
        "id": 69,
        "title": "Book 69",
        "description": "Lorem lorem lorem. Lorem lorem lorem. Lorem lorem lorem.\n",
        "pageCount": 6900,
        "excerpt": "Lorem lorem lorem. Lorem lorem lorem. Lorem lorem lorem.\nLorem lorem lorem. Lorem lorem lorem. Lorem lorem lorem.\nLorem lorem lorem. Lorem lorem lorem. Lorem lorem lorem.\nLorem lorem lorem. Lorem lorem lorem. Lorem lorem lorem.\nLorem lorem lorem. Lorem lorem lorem. Lorem lorem lorem.\n",
        "publishDate": "2025-06-03T03:25:10.5129255+00:00"
    },
    {
        "id": 70,
        "title": "Book 70",
        "description": "Lorem lorem lorem. Lorem lorem lorem. Lorem lorem lorem.\n",
        "pageCount": 7000,
        "excerpt": "Lorem lorem lorem. Lorem lorem lorem. Lorem lorem lorem.\nLorem lorem lorem. Lorem lorem lorem. Lorem lorem lorem.\nLorem lorem lorem. Lorem lorem lorem. Lorem lorem lorem.\nLorem lorem lorem. Lorem lorem lorem. Lorem lorem lorem.\nLorem lorem lorem. Lorem lorem lorem. Lorem lorem lorem.\n",
        "publishDate": "2025-06-02T03:25:10.5129318+00:00"
    },
    {
        "id": 71,
        "title": "Book 71",
        "description": "Lorem lorem lorem. Lorem lorem lorem. Lorem lorem lorem.\n",
        "pageCount": 7100,
        "excerpt": "Lorem lorem lorem. Lorem lorem lorem. Lorem lorem lorem.\nLorem lorem lorem. Lorem lorem lorem. Lorem lorem lorem.\nLorem lorem lorem. Lorem lorem lorem. Lorem lorem lorem.\nLorem lorem lorem. Lorem lorem lorem. Lorem lorem lorem.\nLorem lorem lorem. Lorem lorem lorem. Lorem lorem lorem.\n",
        "publishDate": "2025-06-01T03:25:10.5129388+00:00"
    },
    {
        "id": 72,
        "title": "Book 72",
        "description": "Lorem lorem lorem. Lorem lorem lorem. Lorem lorem lorem.\n",
        "pageCount": 7200,
        "excerpt": "Lorem lorem lorem. Lorem lorem lorem. Lorem lorem lorem.\nLorem lorem lorem. Lorem lorem lorem. Lorem lorem lorem.\nLorem lorem lorem. Lorem lorem lorem. Lorem lorem lorem.\nLorem lorem lorem. Lorem lorem lorem. Lorem lorem lorem.\nLorem lorem lorem. Lorem lorem lorem. Lorem lorem lorem.\n",
        "publishDate": "2025-05-31T03:25:10.512945+00:00"
    },
    {
        "id": 73,
        "title": "Book 73",
        "description": "Lorem lorem lorem. Lorem lorem lorem. Lorem lorem lorem.\n",
        "pageCount": 7300,
        "excerpt": "Lorem lorem lorem. Lorem lorem lorem. Lorem lorem lorem.\nLorem lorem lorem. Lorem lorem lorem. Lorem lorem lorem.\nLorem lorem lorem. Lorem lorem lorem. Lorem lorem lorem.\nLorem lorem lorem. Lorem lorem lorem. Lorem lorem lorem.\nLorem lorem lorem. Lorem lorem lorem. Lorem lorem lorem.\n",
        "publishDate": "2025-05-30T03:25:10.512952+00:00"
    },
    {
        "id": 74,
        "title": "Book 74",
        "description": "Lorem lorem lorem. Lorem lorem lorem. Lorem lorem lorem.\n",
        "pageCount": 7400,
        "excerpt": "Lorem lorem lorem. Lorem lorem lorem. Lorem lorem lorem.\nLorem lorem lorem. Lorem lorem lorem. Lorem lorem lorem.\nLorem lorem lorem. Lorem lorem lorem. Lorem lorem lorem.\nLorem lorem lorem. Lorem lorem lorem. Lorem lorem lorem.\nLorem lorem lorem. Lorem lorem lorem. Lorem lorem lorem.\n",
        "publishDate": "2025-05-29T03:25:10.5129582+00:00"
    },
    {
        "id": 75,
        "title": "Book 75",
        "description": "Lorem lorem lorem. Lorem lorem lorem. Lorem lorem lorem.\n",
        "pageCount": 7500,
        "excerpt": "Lorem lorem lorem. Lorem lorem lorem. Lorem lorem lorem.\nLorem lorem lorem. Lorem lorem lorem. Lorem lorem lorem.\nLorem lorem lorem. Lorem lorem lorem. Lorem lorem lorem.\nLorem lorem lorem. Lorem lorem lorem. Lorem lorem lorem.\nLorem lorem lorem. Lorem lorem lorem. Lorem lorem lorem.\n",
        "publishDate": "2025-05-28T03:25:10.5129652+00:00"
    },
    {
        "id": 76,
        "title": "Book 76",
        "description": "Lorem lorem lorem. Lorem lorem lorem. Lorem lorem lorem.\n",
        "pageCount": 7600,
        "excerpt": "Lorem lorem lorem. Lorem lorem lorem. Lorem lorem lorem.\nLorem lorem lorem. Lorem lorem lorem. Lorem lorem lorem.\nLorem lorem lorem. Lorem lorem lorem. Lorem lorem lorem.\nLorem lorem lorem. Lorem lorem lorem. Lorem lorem lorem.\nLorem lorem lorem. Lorem lorem lorem. Lorem lorem lorem.\n",
        "publishDate": "2025-05-27T03:25:10.5129714+00:00"
    },
    {
        "id": 77,
        "title": "Book 77",
        "description": "Lorem lorem lorem. Lorem lorem lorem. Lorem lorem lorem.\n",
        "pageCount": 7700,
        "excerpt": "Lorem lorem lorem. Lorem lorem lorem. Lorem lorem lorem.\nLorem lorem lorem. Lorem lorem lorem. Lorem lorem lorem.\nLorem lorem lorem. Lorem lorem lorem. Lorem lorem lorem.\nLorem lorem lorem. Lorem lorem lorem. Lorem lorem lorem.\nLorem lorem lorem. Lorem lorem lorem. Lorem lorem lorem.\n",
        "publishDate": "2025-05-26T03:25:10.5129783+00:00"
    },
    {
        "id": 78,
        "title": "Book 78",
        "description": "Lorem lorem lorem. Lorem lorem lorem. Lorem lorem lorem.\n",
        "pageCount": 7800,
        "excerpt": "Lorem lorem lorem. Lorem lorem lorem. Lorem lorem lorem.\nLorem lorem lorem. Lorem lorem lorem. Lorem lorem lorem.\nLorem lorem lorem. Lorem lorem lorem. Lorem lorem lorem.\nLorem lorem lorem. Lorem lorem lorem. Lorem lorem lorem.\nLorem lorem lorem. Lorem lorem lorem. Lorem lorem lorem.\n",
        "publishDate": "2025-05-25T03:25:10.5129846+00:00"
    },
    {
        "id": 79,
        "title": "Book 79",
        "description": "Lorem lorem lorem. Lorem lorem lorem. Lorem lorem lorem.\n",
        "pageCount": 7900,
        "excerpt": "Lorem lorem lorem. Lorem lorem lorem. Lorem lorem lorem.\nLorem lorem lorem. Lorem lorem lorem. Lorem lorem lorem.\nLorem lorem lorem. Lorem lorem lorem. Lorem lorem lorem.\nLorem lorem lorem. Lorem lorem lorem. Lorem lorem lorem.\nLorem lorem lorem. Lorem lorem lorem. Lorem lorem lorem.\n",
        "publishDate": "2025-05-24T03:25:10.512991+00:00"
    },
    {
        "id": 80,
        "title": "Book 80",
        "description": "Lorem lorem lorem. Lorem lorem lorem. Lorem lorem lorem.\n",
        "pageCount": 8000,
        "excerpt": "Lorem lorem lorem. Lorem lorem lorem. Lorem lorem lorem.\nLorem lorem lorem. Lorem lorem lorem. Lorem lorem lorem.\nLorem lorem lorem. Lorem lorem lorem. Lorem lorem lorem.\nLorem lorem lorem. Lorem lorem lorem. Lorem lorem lorem.\nLorem lorem lorem. Lorem lorem lorem. Lorem lorem lorem.\n",
        "publishDate": "2025-05-23T03:25:10.512998+00:00"
    },
    {
        "id": 81,
        "title": "Book 81",
        "description": "Lorem lorem lorem. Lorem lorem lorem. Lorem lorem lorem.\n",
        "pageCount": 8100,
        "excerpt": "Lorem lorem lorem. Lorem lorem lorem. Lorem lorem lorem.\nLorem lorem lorem. Lorem lorem lorem. Lorem lorem lorem.\nLorem lorem lorem. Lorem lorem lorem. Lorem lorem lorem.\nLorem lorem lorem. Lorem lorem lorem. Lorem lorem lorem.\nLorem lorem lorem. Lorem lorem lorem. Lorem lorem lorem.\n",
        "publishDate": "2025-05-22T03:25:10.5130043+00:00"
    },
    {
        "id": 82,
        "title": "Book 82",
        "description": "Lorem lorem lorem. Lorem lorem lorem. Lorem lorem lorem.\n",
        "pageCount": 8200,
        "excerpt": "Lorem lorem lorem. Lorem lorem lorem. Lorem lorem lorem.\nLorem lorem lorem. Lorem lorem lorem. Lorem lorem lorem.\nLorem lorem lorem. Lorem lorem lorem. Lorem lorem lorem.\nLorem lorem lorem. Lorem lorem lorem. Lorem lorem lorem.\nLorem lorem lorem. Lorem lorem lorem. Lorem lorem lorem.\n",
        "publishDate": "2025-05-21T03:25:10.5130112+00:00"
    },
    {
        "id": 83,
        "title": "Book 83",
        "description": "Lorem lorem lorem. Lorem lorem lorem. Lorem lorem lorem.\n",
        "pageCount": 8300,
        "excerpt": "Lorem lorem lorem. Lorem lorem lorem. Lorem lorem lorem.\nLorem lorem lorem. Lorem lorem lorem. Lorem lorem lorem.\nLorem lorem lorem. Lorem lorem lorem. Lorem lorem lorem.\nLorem lorem lorem. Lorem lorem lorem. Lorem lorem lorem.\nLorem lorem lorem. Lorem lorem lorem. Lorem lorem lorem.\n",
        "publishDate": "2025-05-20T03:25:10.5130174+00:00"
    },
    {
        "id": 84,
        "title": "Book 84",
        "description": "Lorem lorem lorem. Lorem lorem lorem. Lorem lorem lorem.\n",
        "pageCount": 8400,
        "excerpt": "Lorem lorem lorem. Lorem lorem lorem. Lorem lorem lorem.\nLorem lorem lorem. Lorem lorem lorem. Lorem lorem lorem.\nLorem lorem lorem. Lorem lorem lorem. Lorem lorem lorem.\nLorem lorem lorem. Lorem lorem lorem. Lorem lorem lorem.\nLorem lorem lorem. Lorem lorem lorem. Lorem lorem lorem.\n",
        "publishDate": "2025-05-19T03:25:10.5130245+00:00"
    },
    {
        "id": 85,
        "title": "Book 85",
        "description": "Lorem lorem lorem. Lorem lorem lorem. Lorem lorem lorem.\n",
        "pageCount": 8500,
        "excerpt": "Lorem lorem lorem. Lorem lorem lorem. Lorem lorem lorem.\nLorem lorem lorem. Lorem lorem lorem. Lorem lorem lorem.\nLorem lorem lorem. Lorem lorem lorem. Lorem lorem lorem.\nLorem lorem lorem. Lorem lorem lorem. Lorem lorem lorem.\nLorem lorem lorem. Lorem lorem lorem. Lorem lorem lorem.\n",
        "publishDate": "2025-05-18T03:25:10.5130307+00:00"
    },
    {
        "id": 86,
        "title": "Book 86",
        "description": "Lorem lorem lorem. Lorem lorem lorem. Lorem lorem lorem.\n",
        "pageCount": 8600,
        "excerpt": "Lorem lorem lorem. Lorem lorem lorem. Lorem lorem lorem.\nLorem lorem lorem. Lorem lorem lorem. Lorem lorem lorem.\nLorem lorem lorem. Lorem lorem lorem. Lorem lorem lorem.\nLorem lorem lorem. Lorem lorem lorem. Lorem lorem lorem.\nLorem lorem lorem. Lorem lorem lorem. Lorem lorem lorem.\n",
        "publishDate": "2025-05-17T03:25:10.5130374+00:00"
    },
    {
        "id": 87,
        "title": "Book 87",
        "description": "Lorem lorem lorem. Lorem lorem lorem. Lorem lorem lorem.\n",
        "pageCount": 8700,
        "excerpt": "Lorem lorem lorem. Lorem lorem lorem. Lorem lorem lorem.\nLorem lorem lorem. Lorem lorem lorem. Lorem lorem lorem.\nLorem lorem lorem. Lorem lorem lorem. Lorem lorem lorem.\nLorem lorem lorem. Lorem lorem lorem. Lorem lorem lorem.\nLorem lorem lorem. Lorem lorem lorem. Lorem lorem lorem.\n",
        "publishDate": "2025-05-16T03:25:10.5130436+00:00"
    },
    {
        "id": 88,
        "title": "Book 88",
        "description": "Lorem lorem lorem. Lorem lorem lorem. Lorem lorem lorem.\n",
        "pageCount": 8800,
        "excerpt": "Lorem lorem lorem. Lorem lorem lorem. Lorem lorem lorem.\nLorem lorem lorem. Lorem lorem lorem. Lorem lorem lorem.\nLorem lorem lorem. Lorem lorem lorem. Lorem lorem lorem.\nLorem lorem lorem. Lorem lorem lorem. Lorem lorem lorem.\nLorem lorem lorem. Lorem lorem lorem. Lorem lorem lorem.\n",
        "publishDate": "2025-05-15T03:25:10.5130507+00:00"
    },
    {
        "id": 89,
        "title": "Book 89",
        "description": "Lorem lorem lorem. Lorem lorem lorem. Lorem lorem lorem.\n",
        "pageCount": 8900,
        "excerpt": "Lorem lorem lorem. Lorem lorem lorem. Lorem lorem lorem.\nLorem lorem lorem. Lorem lorem lorem. Lorem lorem lorem.\nLorem lorem lorem. Lorem lorem lorem. Lorem lorem lorem.\nLorem lorem lorem. Lorem lorem lorem. Lorem lorem lorem.\nLorem lorem lorem. Lorem lorem lorem. Lorem lorem lorem.\n",
        "publishDate": "2025-05-14T03:25:10.5130569+00:00"
    },
    {
        "id": 90,
        "title": "Book 90",
        "description": "Lorem lorem lorem. Lorem lorem lorem. Lorem lorem lorem.\n",
        "pageCount": 9000,
        "excerpt": "Lorem lorem lorem. Lorem lorem lorem. Lorem lorem lorem.\nLorem lorem lorem. Lorem lorem lorem. Lorem lorem lorem.\nLorem lorem lorem. Lorem lorem lorem. Lorem lorem lorem.\nLorem lorem lorem. Lorem lorem lorem. Lorem lorem lorem.\nLorem lorem lorem. Lorem lorem lorem. Lorem lorem lorem.\n",
        "publishDate": "2025-05-13T03:25:10.5130642+00:00"
    },
    {
        "id": 91,
        "title": "Book 91",
        "description": "Lorem lorem lorem. Lorem lorem lorem. Lorem lorem lorem.\n",
        "pageCount": 9100,
        "excerpt": "Lorem lorem lorem. Lorem lorem lorem. Lorem lorem lorem.\nLorem lorem lorem. Lorem lorem lorem. Lorem lorem lorem.\nLorem lorem lorem. Lorem lorem lorem. Lorem lorem lorem.\nLorem lorem lorem. Lorem lorem lorem. Lorem lorem lorem.\nLorem lorem lorem. Lorem lorem lorem. Lorem lorem lorem.\n",
        "publishDate": "2025-05-12T03:25:10.5130707+00:00"
    },
    {
        "id": 92,
        "title": "Book 92",
        "description": "Lorem lorem lorem. Lorem lorem lorem. Lorem lorem lorem.\n",
        "pageCount": 9200,
        "excerpt": "Lorem lorem lorem. Lorem lorem lorem. Lorem lorem lorem.\nLorem lorem lorem. Lorem lorem lorem. Lorem lorem lorem.\nLorem lorem lorem. Lorem lorem lorem. Lorem lorem lorem.\nLorem lorem lorem. Lorem lorem lorem. Lorem lorem lorem.\nLorem lorem lorem. Lorem lorem lorem. Lorem lorem lorem.\n",
        "publishDate": "2025-05-11T03:25:10.5130778+00:00"
    },
    {
        "id": 93,
        "title": "Book 93",
        "description": "Lorem lorem lorem. Lorem lorem lorem. Lorem lorem lorem.\n",
        "pageCount": 9300,
        "excerpt": "Lorem lorem lorem. Lorem lorem lorem. Lorem lorem lorem.\nLorem lorem lorem. Lorem lorem lorem. Lorem lorem lorem.\nLorem lorem lorem. Lorem lorem lorem. Lorem lorem lorem.\nLorem lorem lorem. Lorem lorem lorem. Lorem lorem lorem.\nLorem lorem lorem. Lorem lorem lorem. Lorem lorem lorem.\n",
        "publishDate": "2025-05-10T03:25:10.513084+00:00"
    },
    {
        "id": 94,
        "title": "Book 94",
        "description": "Lorem lorem lorem. Lorem lorem lorem. Lorem lorem lorem.\n",
        "pageCount": 9400,
        "excerpt": "Lorem lorem lorem. Lorem lorem lorem. Lorem lorem lorem.\nLorem lorem lorem. Lorem lorem lorem. Lorem lorem lorem.\nLorem lorem lorem. Lorem lorem lorem. Lorem lorem lorem.\nLorem lorem lorem. Lorem lorem lorem. Lorem lorem lorem.\nLorem lorem lorem. Lorem lorem lorem. Lorem lorem lorem.\n",
        "publishDate": "2025-05-09T03:25:10.5130902+00:00"
    },
    {
        "id": 95,
        "title": "Book 95",
        "description": "Lorem lorem lorem. Lorem lorem lorem. Lorem lorem lorem.\n",
        "pageCount": 9500,
        "excerpt": "Lorem lorem lorem. Lorem lorem lorem. Lorem lorem lorem.\nLorem lorem lorem. Lorem lorem lorem. Lorem lorem lorem.\nLorem lorem lorem. Lorem lorem lorem. Lorem lorem lorem.\nLorem lorem lorem. Lorem lorem lorem. Lorem lorem lorem.\nLorem lorem lorem. Lorem lorem lorem. Lorem lorem lorem.\n",
        "publishDate": "2025-05-08T03:25:10.5130972+00:00"
    },
    {
        "id": 96,
        "title": "Book 96",
        "description": "Lorem lorem lorem. Lorem lorem lorem. Lorem lorem lorem.\n",
        "pageCount": 9600,
        "excerpt": "Lorem lorem lorem. Lorem lorem lorem. Lorem lorem lorem.\nLorem lorem lorem. Lorem lorem lorem. Lorem lorem lorem.\nLorem lorem lorem. Lorem lorem lorem. Lorem lorem lorem.\nLorem lorem lorem. Lorem lorem lorem. Lorem lorem lorem.\nLorem lorem lorem. Lorem lorem lorem. Lorem lorem lorem.\n",
        "publishDate": "2025-05-07T03:25:10.5131036+00:00"
    },
    {
        "id": 97,
        "title": "Book 97",
        "description": "Lorem lorem lorem. Lorem lorem lorem. Lorem lorem lorem.\n",
        "pageCount": 9700,
        "excerpt": "Lorem lorem lorem. Lorem lorem lorem. Lorem lorem lorem.\nLorem lorem lorem. Lorem lorem lorem. Lorem lorem lorem.\nLorem lorem lorem. Lorem lorem lorem. Lorem lorem lorem.\nLorem lorem lorem. Lorem lorem lorem. Lorem lorem lorem.\nLorem lorem lorem. Lorem lorem lorem. Lorem lorem lorem.\n",
        "publishDate": "2025-05-06T03:25:10.5131108+00:00"
    },
    {
        "id": 98,
        "title": "Book 98",
        "description": "Lorem lorem lorem. Lorem lorem lorem. Lorem lorem lorem.\n",
        "pageCount": 9800,
        "excerpt": "Lorem lorem lorem. Lorem lorem lorem. Lorem lorem lorem.\nLorem lorem lorem. Lorem lorem lorem. Lorem lorem lorem.\nLorem lorem lorem. Lorem lorem lorem. Lorem lorem lorem.\nLorem lorem lorem. Lorem lorem lorem. Lorem lorem lorem.\nLorem lorem lorem. Lorem lorem lorem. Lorem lorem lorem.\n",
        "publishDate": "2025-05-05T03:25:10.5131171+00:00"
    },
    {
        "id": 99,
        "title": "Book 99",
        "description": "Lorem lorem lorem. Lorem lorem lorem. Lorem lorem lorem.\n",
        "pageCount": 9900,
        "excerpt": "Lorem lorem lorem. Lorem lorem lorem. Lorem lorem lorem.\nLorem lorem lorem. Lorem lorem lorem. Lorem lorem lorem.\nLorem lorem lorem. Lorem lorem lorem. Lorem lorem lorem.\nLorem lorem lorem. Lorem lorem lorem. Lorem lorem lorem.\nLorem lorem lorem. Lorem lorem lorem. Lorem lorem lorem.\n",
        "publishDate": "2025-05-04T03:25:10.5131242+00:00"
    },
    {
        "id": 100,
        "title": "Book 100",
        "description": "Lorem lorem lorem. Lorem lorem lorem. Lorem lorem lorem.\n",
        "pageCount": 10000,
        "excerpt": "Lorem lorem lorem. Lorem lorem lorem. Lorem lorem lorem.\nLorem lorem lorem. Lorem lorem lorem. Lorem lorem lorem.\nLorem lorem lorem. Lorem lorem lorem. Lorem lorem lorem.\nLorem lorem lorem. Lorem lorem lorem. Lorem lorem lorem.\nLorem lorem lorem. Lorem lorem lorem. Lorem lorem lorem.\n",
        "publishDate": "2025-05-03T03:25:10.5131305+00:00"
    },
    {
        "id": 101,
        "title": "Book 101",
        "description": "Lorem lorem lorem. Lorem lorem lorem. Lorem lorem lorem.\n",
        "pageCount": 10100,
        "excerpt": "Lorem lorem lorem. Lorem lorem lorem. Lorem lorem lorem.\nLorem lorem lorem. Lorem lorem lorem. Lorem lorem lorem.\nLorem lorem lorem. Lorem lorem lorem. Lorem lorem lorem.\nLorem lorem lorem. Lorem lorem lorem. Lorem lorem lorem.\nLorem lorem lorem. Lorem lorem lorem. Lorem lorem lorem.\n",
        "publishDate": "2025-05-02T03:25:10.5131375+00:00"
    },
    {
        "id": 102,
        "title": "Book 102",
        "description": "Lorem lorem lorem. Lorem lorem lorem. Lorem lorem lorem.\n",
        "pageCount": 10200,
        "excerpt": "Lorem lorem lorem. Lorem lorem lorem. Lorem lorem lorem.\nLorem lorem lorem. Lorem lorem lorem. Lorem lorem lorem.\nLorem lorem lorem. Lorem lorem lorem. Lorem lorem lorem.\nLorem lorem lorem. Lorem lorem lorem. Lorem lorem lorem.\nLorem lorem lorem. Lorem lorem lorem. Lorem lorem lorem.\n",
        "publishDate": "2025-05-01T03:25:10.5131439+00:00"
    },
    {
        "id": 103,
        "title": "Book 103",
        "description": "Lorem lorem lorem. Lorem lorem lorem. Lorem lorem lorem.\n",
        "pageCount": 10300,
        "excerpt": "Lorem lorem lorem. Lorem lorem lorem. Lorem lorem lorem.\nLorem lorem lorem. Lorem lorem lorem. Lorem lorem lorem.\nLorem lorem lorem. Lorem lorem lorem. Lorem lorem lorem.\nLorem lorem lorem. Lorem lorem lorem. Lorem lorem lorem.\nLorem lorem lorem. Lorem lorem lorem. Lorem lorem lorem.\n",
        "publishDate": "2025-04-30T03:25:10.513151+00:00"
    },
    {
        "id": 104,
        "title": "Book 104",
        "description": "Lorem lorem lorem. Lorem lorem lorem. Lorem lorem lorem.\n",
        "pageCount": 10400,
        "excerpt": "Lorem lorem lorem. Lorem lorem lorem. Lorem lorem lorem.\nLorem lorem lorem. Lorem lorem lorem. Lorem lorem lorem.\nLorem lorem lorem. Lorem lorem lorem. Lorem lorem lorem.\nLorem lorem lorem. Lorem lorem lorem. Lorem lorem lorem.\nLorem lorem lorem. Lorem lorem lorem. Lorem lorem lorem.\n",
        "publishDate": "2025-04-29T03:25:10.5131571+00:00"
    },
    {
        "id": 105,
        "title": "Book 105",
        "description": "Lorem lorem lorem. Lorem lorem lorem. Lorem lorem lorem.\n",
        "pageCount": 10500,
        "excerpt": "Lorem lorem lorem. Lorem lorem lorem. Lorem lorem lorem.\nLorem lorem lorem. Lorem lorem lorem. Lorem lorem lorem.\nLorem lorem lorem. Lorem lorem lorem. Lorem lorem lorem.\nLorem lorem lorem. Lorem lorem lorem. Lorem lorem lorem.\nLorem lorem lorem. Lorem lorem lorem. Lorem lorem lorem.\n",
        "publishDate": "2025-04-28T03:25:10.5131643+00:00"
    },
    {
        "id": 106,
        "title": "Book 106",
        "description": "Lorem lorem lorem. Lorem lorem lorem. Lorem lorem lorem.\n",
        "pageCount": 10600,
        "excerpt": "Lorem lorem lorem. Lorem lorem lorem. Lorem lorem lorem.\nLorem lorem lorem. Lorem lorem lorem. Lorem lorem lorem.\nLorem lorem lorem. Lorem lorem lorem. Lorem lorem lorem.\nLorem lorem lorem. Lorem lorem lorem. Lorem lorem lorem.\nLorem lorem lorem. Lorem lorem lorem. Lorem lorem lorem.\n",
        "publishDate": "2025-04-27T03:25:10.5131705+00:00"
    },
    {
        "id": 107,
        "title": "Book 107",
        "description": "Lorem lorem lorem. Lorem lorem lorem. Lorem lorem lorem.\n",
        "pageCount": 10700,
        "excerpt": "Lorem lorem lorem. Lorem lorem lorem. Lorem lorem lorem.\nLorem lorem lorem. Lorem lorem lorem. Lorem lorem lorem.\nLorem lorem lorem. Lorem lorem lorem. Lorem lorem lorem.\nLorem lorem lorem. Lorem lorem lorem. Lorem lorem lorem.\nLorem lorem lorem. Lorem lorem lorem. Lorem lorem lorem.\n",
        "publishDate": "2025-04-26T03:25:10.5131767+00:00"
    },
    {
        "id": 108,
        "title": "Book 108",
        "description": "Lorem lorem lorem. Lorem lorem lorem. Lorem lorem lorem.\n",
        "pageCount": 10800,
        "excerpt": "Lorem lorem lorem. Lorem lorem lorem. Lorem lorem lorem.\nLorem lorem lorem. Lorem lorem lorem. Lorem lorem lorem.\nLorem lorem lorem. Lorem lorem lorem. Lorem lorem lorem.\nLorem lorem lorem. Lorem lorem lorem. Lorem lorem lorem.\nLorem lorem lorem. Lorem lorem lorem. Lorem lorem lorem.\n",
        "publishDate": "2025-04-25T03:25:10.5131838+00:00"
    },
    {
        "id": 109,
        "title": "Book 109",
        "description": "Lorem lorem lorem. Lorem lorem lorem. Lorem lorem lorem.\n",
        "pageCount": 10900,
        "excerpt": "Lorem lorem lorem. Lorem lorem lorem. Lorem lorem lorem.\nLorem lorem lorem. Lorem lorem lorem. Lorem lorem lorem.\nLorem lorem lorem. Lorem lorem lorem. Lorem lorem lorem.\nLorem lorem lorem. Lorem lorem lorem. Lorem lorem lorem.\nLorem lorem lorem. Lorem lorem lorem. Lorem lorem lorem.\n",
        "publishDate": "2025-04-24T03:25:10.5131901+00:00"
    },
    {
        "id": 110,
        "title": "Book 110",
        "description": "Lorem lorem lorem. Lorem lorem lorem. Lorem lorem lorem.\n",
        "pageCount": 11000,
        "excerpt": "Lorem lorem lorem. Lorem lorem lorem. Lorem lorem lorem.\nLorem lorem lorem. Lorem lorem lorem. Lorem lorem lorem.\nLorem lorem lorem. Lorem lorem lorem. Lorem lorem lorem.\nLorem lorem lorem. Lorem lorem lorem. Lorem lorem lorem.\nLorem lorem lorem. Lorem lorem lorem. Lorem lorem lorem.\n",
        "publishDate": "2025-04-23T03:25:10.513197+00:00"
    },
    {
        "id": 111,
        "title": "Book 111",
        "description": "Lorem lorem lorem. Lorem lorem lorem. Lorem lorem lorem.\n",
        "pageCount": 11100,
        "excerpt": "Lorem lorem lorem. Lorem lorem lorem. Lorem lorem lorem.\nLorem lorem lorem. Lorem lorem lorem. Lorem lorem lorem.\nLorem lorem lorem. Lorem lorem lorem. Lorem lorem lorem.\nLorem lorem lorem. Lorem lorem lorem. Lorem lorem lorem.\nLorem lorem lorem. Lorem lorem lorem. Lorem lorem lorem.\n",
        "publishDate": "2025-04-22T03:25:10.5132033+00:00"
    },
    {
        "id": 112,
        "title": "Book 112",
        "description": "Lorem lorem lorem. Lorem lorem lorem. Lorem lorem lorem.\n",
        "pageCount": 11200,
        "excerpt": "Lorem lorem lorem. Lorem lorem lorem. Lorem lorem lorem.\nLorem lorem lorem. Lorem lorem lorem. Lorem lorem lorem.\nLorem lorem lorem. Lorem lorem lorem. Lorem lorem lorem.\nLorem lorem lorem. Lorem lorem lorem. Lorem lorem lorem.\nLorem lorem lorem. Lorem lorem lorem. Lorem lorem lorem.\n",
        "publishDate": "2025-04-21T03:25:10.5132104+00:00"
    },
    {
        "id": 113,
        "title": "Book 113",
        "description": "Lorem lorem lorem. Lorem lorem lorem. Lorem lorem lorem.\n",
        "pageCount": 11300,
        "excerpt": "Lorem lorem lorem. Lorem lorem lorem. Lorem lorem lorem.\nLorem lorem lorem. Lorem lorem lorem. Lorem lorem lorem.\nLorem lorem lorem. Lorem lorem lorem. Lorem lorem lorem.\nLorem lorem lorem. Lorem lorem lorem. Lorem lorem lorem.\nLorem lorem lorem. Lorem lorem lorem. Lorem lorem lorem.\n",
        "publishDate": "2025-04-20T03:25:10.5132167+00:00"
    },
    {
        "id": 114,
        "title": "Book 114",
        "description": "Lorem lorem lorem. Lorem lorem lorem. Lorem lorem lorem.\n",
        "pageCount": 11400,
        "excerpt": "Lorem lorem lorem. Lorem lorem lorem. Lorem lorem lorem.\nLorem lorem lorem. Lorem lorem lorem. Lorem lorem lorem.\nLorem lorem lorem. Lorem lorem lorem. Lorem lorem lorem.\nLorem lorem lorem. Lorem lorem lorem. Lorem lorem lorem.\nLorem lorem lorem. Lorem lorem lorem. Lorem lorem lorem.\n",
        "publishDate": "2025-04-19T03:25:10.5132238+00:00"
    },
    {
        "id": 115,
        "title": "Book 115",
        "description": "Lorem lorem lorem. Lorem lorem lorem. Lorem lorem lorem.\n",
        "pageCount": 11500,
        "excerpt": "Lorem lorem lorem. Lorem lorem lorem. Lorem lorem lorem.\nLorem lorem lorem. Lorem lorem lorem. Lorem lorem lorem.\nLorem lorem lorem. Lorem lorem lorem. Lorem lorem lorem.\nLorem lorem lorem. Lorem lorem lorem. Lorem lorem lorem.\nLorem lorem lorem. Lorem lorem lorem. Lorem lorem lorem.\n",
        "publishDate": "2025-04-18T03:25:10.51323+00:00"
    },
    {
        "id": 116,
        "title": "Book 116",
        "description": "Lorem lorem lorem. Lorem lorem lorem. Lorem lorem lorem.\n",
        "pageCount": 11600,
        "excerpt": "Lorem lorem lorem. Lorem lorem lorem. Lorem lorem lorem.\nLorem lorem lorem. Lorem lorem lorem. Lorem lorem lorem.\nLorem lorem lorem. Lorem lorem lorem. Lorem lorem lorem.\nLorem lorem lorem. Lorem lorem lorem. Lorem lorem lorem.\nLorem lorem lorem. Lorem lorem lorem. Lorem lorem lorem.\n",
        "publishDate": "2025-04-17T03:25:10.5132371+00:00"
    },
    {
        "id": 117,
        "title": "Book 117",
        "description": "Lorem lorem lorem. Lorem lorem lorem. Lorem lorem lorem.\n",
        "pageCount": 11700,
        "excerpt": "Lorem lorem lorem. Lorem lorem lorem. Lorem lorem lorem.\nLorem lorem lorem. Lorem lorem lorem. Lorem lorem lorem.\nLorem lorem lorem. Lorem lorem lorem. Lorem lorem lorem.\nLorem lorem lorem. Lorem lorem lorem. Lorem lorem lorem.\nLorem lorem lorem. Lorem lorem lorem. Lorem lorem lorem.\n",
        "publishDate": "2025-04-16T03:25:10.5132433+00:00"
    },
    {
        "id": 118,
        "title": "Book 118",
        "description": "Lorem lorem lorem. Lorem lorem lorem. Lorem lorem lorem.\n",
        "pageCount": 11800,
        "excerpt": "Lorem lorem lorem. Lorem lorem lorem. Lorem lorem lorem.\nLorem lorem lorem. Lorem lorem lorem. Lorem lorem lorem.\nLorem lorem lorem. Lorem lorem lorem. Lorem lorem lorem.\nLorem lorem lorem. Lorem lorem lorem. Lorem lorem lorem.\nLorem lorem lorem. Lorem lorem lorem. Lorem lorem lorem.\n",
        "publishDate": "2025-04-15T03:25:10.5132506+00:00"
    },
    {
        "id": 119,
        "title": "Book 119",
        "description": "Lorem lorem lorem. Lorem lorem lorem. Lorem lorem lorem.\n",
        "pageCount": 11900,
        "excerpt": "Lorem lorem lorem. Lorem lorem lorem. Lorem lorem lorem.\nLorem lorem lorem. Lorem lorem lorem. Lorem lorem lorem.\nLorem lorem lorem. Lorem lorem lorem. Lorem lorem lorem.\nLorem lorem lorem. Lorem lorem lorem. Lorem lorem lorem.\nLorem lorem lorem. Lorem lorem lorem. Lorem lorem lorem.\n",
        "publishDate": "2025-04-14T03:25:10.5132568+00:00"
    },
    {
        "id": 120,
        "title": "Book 120",
        "description": "Lorem lorem lorem. Lorem lorem lorem. Lorem lorem lorem.\n",
        "pageCount": 12000,
        "excerpt": "Lorem lorem lorem. Lorem lorem lorem. Lorem lorem lorem.\nLorem lorem lorem. Lorem lorem lorem. Lorem lorem lorem.\nLorem lorem lorem. Lorem lorem lorem. Lorem lorem lorem.\nLorem lorem lorem. Lorem lorem lorem. Lorem lorem lorem.\nLorem lorem lorem. Lorem lorem lorem. Lorem lorem lorem.\n",
        "publishDate": "2025-04-13T03:25:10.5132637+00:00"
    },
    {
        "id": 121,
        "title": "Book 121",
        "description": "Lorem lorem lorem. Lorem lorem lorem. Lorem lorem lorem.\n",
        "pageCount": 12100,
        "excerpt": "Lorem lorem lorem. Lorem lorem lorem. Lorem lorem lorem.\nLorem lorem lorem. Lorem lorem lorem. Lorem lorem lorem.\nLorem lorem lorem. Lorem lorem lorem. Lorem lorem lorem.\nLorem lorem lorem. Lorem lorem lorem. Lorem lorem lorem.\nLorem lorem lorem. Lorem lorem lorem. Lorem lorem lorem.\n",
        "publishDate": "2025-04-12T03:25:10.51327+00:00"
    },
    {
        "id": 122,
        "title": "Book 122",
        "description": "Lorem lorem lorem. Lorem lorem lorem. Lorem lorem lorem.\n",
        "pageCount": 12200,
        "excerpt": "Lorem lorem lorem. Lorem lorem lorem. Lorem lorem lorem.\nLorem lorem lorem. Lorem lorem lorem. Lorem lorem lorem.\nLorem lorem lorem. Lorem lorem lorem. Lorem lorem lorem.\nLorem lorem lorem. Lorem lorem lorem. Lorem lorem lorem.\nLorem lorem lorem. Lorem lorem lorem. Lorem lorem lorem.\n",
        "publishDate": "2025-04-11T03:25:10.5132762+00:00"
    },
    {
        "id": 123,
        "title": "Book 123",
        "description": "Lorem lorem lorem. Lorem lorem lorem. Lorem lorem lorem.\n",
        "pageCount": 12300,
        "excerpt": "Lorem lorem lorem. Lorem lorem lorem. Lorem lorem lorem.\nLorem lorem lorem. Lorem lorem lorem. Lorem lorem lorem.\nLorem lorem lorem. Lorem lorem lorem. Lorem lorem lorem.\nLorem lorem lorem. Lorem lorem lorem. Lorem lorem lorem.\nLorem lorem lorem. Lorem lorem lorem. Lorem lorem lorem.\n",
        "publishDate": "2025-04-10T03:25:10.5132833+00:00"
    },
    {
        "id": 124,
        "title": "Book 124",
        "description": "Lorem lorem lorem. Lorem lorem lorem. Lorem lorem lorem.\n",
        "pageCount": 12400,
        "excerpt": "Lorem lorem lorem. Lorem lorem lorem. Lorem lorem lorem.\nLorem lorem lorem. Lorem lorem lorem. Lorem lorem lorem.\nLorem lorem lorem. Lorem lorem lorem. Lorem lorem lorem.\nLorem lorem lorem. Lorem lorem lorem. Lorem lorem lorem.\nLorem lorem lorem. Lorem lorem lorem. Lorem lorem lorem.\n",
        "publishDate": "2025-04-09T03:25:10.5133609+00:00"
    },
    {
        "id": 125,
        "title": "Book 125",
        "description": "Lorem lorem lorem. Lorem lorem lorem. Lorem lorem lorem.\n",
        "pageCount": 12500,
        "excerpt": "Lorem lorem lorem. Lorem lorem lorem. Lorem lorem lorem.\nLorem lorem lorem. Lorem lorem lorem. Lorem lorem lorem.\nLorem lorem lorem. Lorem lorem lorem. Lorem lorem lorem.\nLorem lorem lorem. Lorem lorem lorem. Lorem lorem lorem.\nLorem lorem lorem. Lorem lorem lorem. Lorem lorem lorem.\n",
        "publishDate": "2025-04-08T03:25:10.5133696+00:00"
    },
    {
        "id": 126,
        "title": "Book 126",
        "description": "Lorem lorem lorem. Lorem lorem lorem. Lorem lorem lorem.\n",
        "pageCount": 12600,
        "excerpt": "Lorem lorem lorem. Lorem lorem lorem. Lorem lorem lorem.\nLorem lorem lorem. Lorem lorem lorem. Lorem lorem lorem.\nLorem lorem lorem. Lorem lorem lorem. Lorem lorem lorem.\nLorem lorem lorem. Lorem lorem lorem. Lorem lorem lorem.\nLorem lorem lorem. Lorem lorem lorem. Lorem lorem lorem.\n",
        "publishDate": "2025-04-07T03:25:10.5133766+00:00"
    },
    {
        "id": 127,
        "title": "Book 127",
        "description": "Lorem lorem lorem. Lorem lorem lorem. Lorem lorem lorem.\n",
        "pageCount": 12700,
        "excerpt": "Lorem lorem lorem. Lorem lorem lorem. Lorem lorem lorem.\nLorem lorem lorem. Lorem lorem lorem. Lorem lorem lorem.\nLorem lorem lorem. Lorem lorem lorem. Lorem lorem lorem.\nLorem lorem lorem. Lorem lorem lorem. Lorem lorem lorem.\nLorem lorem lorem. Lorem lorem lorem. Lorem lorem lorem.\n",
        "publishDate": "2025-04-06T03:25:10.513384+00:00"
    },
    {
        "id": 128,
        "title": "Book 128",
        "description": "Lorem lorem lorem. Lorem lorem lorem. Lorem lorem lorem.\n",
        "pageCount": 12800,
        "excerpt": "Lorem lorem lorem. Lorem lorem lorem. Lorem lorem lorem.\nLorem lorem lorem. Lorem lorem lorem. Lorem lorem lorem.\nLorem lorem lorem. Lorem lorem lorem. Lorem lorem lorem.\nLorem lorem lorem. Lorem lorem lorem. Lorem lorem lorem.\nLorem lorem lorem. Lorem lorem lorem. Lorem lorem lorem.\n",
        "publishDate": "2025-04-05T03:25:10.5139274+00:00"
    },
    {
        "id": 129,
        "title": "Book 129",
        "description": "Lorem lorem lorem. Lorem lorem lorem. Lorem lorem lorem.\n",
        "pageCount": 12900,
        "excerpt": "Lorem lorem lorem. Lorem lorem lorem. Lorem lorem lorem.\nLorem lorem lorem. Lorem lorem lorem. Lorem lorem lorem.\nLorem lorem lorem. Lorem lorem lorem. Lorem lorem lorem.\nLorem lorem lorem. Lorem lorem lorem. Lorem lorem lorem.\nLorem lorem lorem. Lorem lorem lorem. Lorem lorem lorem.\n",
        "publishDate": "2025-04-04T03:25:10.5139356+00:00"
    },
    {
        "id": 130,
        "title": "Book 130",
        "description": "Lorem lorem lorem. Lorem lorem lorem. Lorem lorem lorem.\n",
        "pageCount": 13000,
        "excerpt": "Lorem lorem lorem. Lorem lorem lorem. Lorem lorem lorem.\nLorem lorem lorem. Lorem lorem lorem. Lorem lorem lorem.\nLorem lorem lorem. Lorem lorem lorem. Lorem lorem lorem.\nLorem lorem lorem. Lorem lorem lorem. Lorem lorem lorem.\nLorem lorem lorem. Lorem lorem lorem. Lorem lorem lorem.\n",
        "publishDate": "2025-04-03T03:25:10.5139426+00:00"
    },
    {
        "id": 131,
        "title": "Book 131",
        "description": "Lorem lorem lorem. Lorem lorem lorem. Lorem lorem lorem.\n",
        "pageCount": 13100,
        "excerpt": "Lorem lorem lorem. Lorem lorem lorem. Lorem lorem lorem.\nLorem lorem lorem. Lorem lorem lorem. Lorem lorem lorem.\nLorem lorem lorem. Lorem lorem lorem. Lorem lorem lorem.\nLorem lorem lorem. Lorem lorem lorem. Lorem lorem lorem.\nLorem lorem lorem. Lorem lorem lorem. Lorem lorem lorem.\n",
        "publishDate": "2025-04-02T03:25:10.5139579+00:00"
    },
    {
        "id": 132,
        "title": "Book 132",
        "description": "Lorem lorem lorem. Lorem lorem lorem. Lorem lorem lorem.\n",
        "pageCount": 13200,
        "excerpt": "Lorem lorem lorem. Lorem lorem lorem. Lorem lorem lorem.\nLorem lorem lorem. Lorem lorem lorem. Lorem lorem lorem.\nLorem lorem lorem. Lorem lorem lorem. Lorem lorem lorem.\nLorem lorem lorem. Lorem lorem lorem. Lorem lorem lorem.\nLorem lorem lorem. Lorem lorem lorem. Lorem lorem lorem.\n",
        "publishDate": "2025-04-01T03:25:10.5139642+00:00"
    },
    {
        "id": 133,
        "title": "Book 133",
        "description": "Lorem lorem lorem. Lorem lorem lorem. Lorem lorem lorem.\n",
        "pageCount": 13300,
        "excerpt": "Lorem lorem lorem. Lorem lorem lorem. Lorem lorem lorem.\nLorem lorem lorem. Lorem lorem lorem. Lorem lorem lorem.\nLorem lorem lorem. Lorem lorem lorem. Lorem lorem lorem.\nLorem lorem lorem. Lorem lorem lorem. Lorem lorem lorem.\nLorem lorem lorem. Lorem lorem lorem. Lorem lorem lorem.\n",
        "publishDate": "2025-03-31T03:25:10.5139712+00:00"
    },
    {
        "id": 134,
        "title": "Book 134",
        "description": "Lorem lorem lorem. Lorem lorem lorem. Lorem lorem lorem.\n",
        "pageCount": 13400,
        "excerpt": "Lorem lorem lorem. Lorem lorem lorem. Lorem lorem lorem.\nLorem lorem lorem. Lorem lorem lorem. Lorem lorem lorem.\nLorem lorem lorem. Lorem lorem lorem. Lorem lorem lorem.\nLorem lorem lorem. Lorem lorem lorem. Lorem lorem lorem.\nLorem lorem lorem. Lorem lorem lorem. Lorem lorem lorem.\n",
        "publishDate": "2025-03-30T03:25:10.5139778+00:00"
    },
    {
        "id": 135,
        "title": "Book 135",
        "description": "Lorem lorem lorem. Lorem lorem lorem. Lorem lorem lorem.\n",
        "pageCount": 13500,
        "excerpt": "Lorem lorem lorem. Lorem lorem lorem. Lorem lorem lorem.\nLorem lorem lorem. Lorem lorem lorem. Lorem lorem lorem.\nLorem lorem lorem. Lorem lorem lorem. Lorem lorem lorem.\nLorem lorem lorem. Lorem lorem lorem. Lorem lorem lorem.\nLorem lorem lorem. Lorem lorem lorem. Lorem lorem lorem.\n",
        "publishDate": "2025-03-29T03:25:10.5139848+00:00"
    },
    {
        "id": 136,
        "title": "Book 136",
        "description": "Lorem lorem lorem. Lorem lorem lorem. Lorem lorem lorem.\n",
        "pageCount": 13600,
        "excerpt": "Lorem lorem lorem. Lorem lorem lorem. Lorem lorem lorem.\nLorem lorem lorem. Lorem lorem lorem. Lorem lorem lorem.\nLorem lorem lorem. Lorem lorem lorem. Lorem lorem lorem.\nLorem lorem lorem. Lorem lorem lorem. Lorem lorem lorem.\nLorem lorem lorem. Lorem lorem lorem. Lorem lorem lorem.\n",
        "publishDate": "2025-03-28T03:25:10.513991+00:00"
    },
    {
        "id": 137,
        "title": "Book 137",
        "description": "Lorem lorem lorem. Lorem lorem lorem. Lorem lorem lorem.\n",
        "pageCount": 13700,
        "excerpt": "Lorem lorem lorem. Lorem lorem lorem. Lorem lorem lorem.\nLorem lorem lorem. Lorem lorem lorem. Lorem lorem lorem.\nLorem lorem lorem. Lorem lorem lorem. Lorem lorem lorem.\nLorem lorem lorem. Lorem lorem lorem. Lorem lorem lorem.\nLorem lorem lorem. Lorem lorem lorem. Lorem lorem lorem.\n",
        "publishDate": "2025-03-27T03:25:10.5139978+00:00"
    },
    {
        "id": 138,
        "title": "Book 138",
        "description": "Lorem lorem lorem. Lorem lorem lorem. Lorem lorem lorem.\n",
        "pageCount": 13800,
        "excerpt": "Lorem lorem lorem. Lorem lorem lorem. Lorem lorem lorem.\nLorem lorem lorem. Lorem lorem lorem. Lorem lorem lorem.\nLorem lorem lorem. Lorem lorem lorem. Lorem lorem lorem.\nLorem lorem lorem. Lorem lorem lorem. Lorem lorem lorem.\nLorem lorem lorem. Lorem lorem lorem. Lorem lorem lorem.\n",
        "publishDate": "2025-03-26T03:25:10.514004+00:00"
    },
    {
        "id": 139,
        "title": "Book 139",
        "description": "Lorem lorem lorem. Lorem lorem lorem. Lorem lorem lorem.\n",
        "pageCount": 13900,
        "excerpt": "Lorem lorem lorem. Lorem lorem lorem. Lorem lorem lorem.\nLorem lorem lorem. Lorem lorem lorem. Lorem lorem lorem.\nLorem lorem lorem. Lorem lorem lorem. Lorem lorem lorem.\nLorem lorem lorem. Lorem lorem lorem. Lorem lorem lorem.\nLorem lorem lorem. Lorem lorem lorem. Lorem lorem lorem.\n",
        "publishDate": "2025-03-25T03:25:10.5140109+00:00"
    },
    {
        "id": 140,
        "title": "Book 140",
        "description": "Lorem lorem lorem. Lorem lorem lorem. Lorem lorem lorem.\n",
        "pageCount": 14000,
        "excerpt": "Lorem lorem lorem. Lorem lorem lorem. Lorem lorem lorem.\nLorem lorem lorem. Lorem lorem lorem. Lorem lorem lorem.\nLorem lorem lorem. Lorem lorem lorem. Lorem lorem lorem.\nLorem lorem lorem. Lorem lorem lorem. Lorem lorem lorem.\nLorem lorem lorem. Lorem lorem lorem. Lorem lorem lorem.\n",
        "publishDate": "2025-03-24T03:25:10.5140171+00:00"
    },
    {
        "id": 141,
        "title": "Book 141",
        "description": "Lorem lorem lorem. Lorem lorem lorem. Lorem lorem lorem.\n",
        "pageCount": 14100,
        "excerpt": "Lorem lorem lorem. Lorem lorem lorem. Lorem lorem lorem.\nLorem lorem lorem. Lorem lorem lorem. Lorem lorem lorem.\nLorem lorem lorem. Lorem lorem lorem. Lorem lorem lorem.\nLorem lorem lorem. Lorem lorem lorem. Lorem lorem lorem.\nLorem lorem lorem. Lorem lorem lorem. Lorem lorem lorem.\n",
        "publishDate": "2025-03-23T03:25:10.5140241+00:00"
    },
    {
        "id": 142,
        "title": "Book 142",
        "description": "Lorem lorem lorem. Lorem lorem lorem. Lorem lorem lorem.\n",
        "pageCount": 14200,
        "excerpt": "Lorem lorem lorem. Lorem lorem lorem. Lorem lorem lorem.\nLorem lorem lorem. Lorem lorem lorem. Lorem lorem lorem.\nLorem lorem lorem. Lorem lorem lorem. Lorem lorem lorem.\nLorem lorem lorem. Lorem lorem lorem. Lorem lorem lorem.\nLorem lorem lorem. Lorem lorem lorem. Lorem lorem lorem.\n",
        "publishDate": "2025-03-22T03:25:10.5140303+00:00"
    },
    {
        "id": 143,
        "title": "Book 143",
        "description": "Lorem lorem lorem. Lorem lorem lorem. Lorem lorem lorem.\n",
        "pageCount": 14300,
        "excerpt": "Lorem lorem lorem. Lorem lorem lorem. Lorem lorem lorem.\nLorem lorem lorem. Lorem lorem lorem. Lorem lorem lorem.\nLorem lorem lorem. Lorem lorem lorem. Lorem lorem lorem.\nLorem lorem lorem. Lorem lorem lorem. Lorem lorem lorem.\nLorem lorem lorem. Lorem lorem lorem. Lorem lorem lorem.\n",
        "publishDate": "2025-03-21T03:25:10.5140373+00:00"
    },
    {
        "id": 144,
        "title": "Book 144",
        "description": "Lorem lorem lorem. Lorem lorem lorem. Lorem lorem lorem.\n",
        "pageCount": 14400,
        "excerpt": "Lorem lorem lorem. Lorem lorem lorem. Lorem lorem lorem.\nLorem lorem lorem. Lorem lorem lorem. Lorem lorem lorem.\nLorem lorem lorem. Lorem lorem lorem. Lorem lorem lorem.\nLorem lorem lorem. Lorem lorem lorem. Lorem lorem lorem.\nLorem lorem lorem. Lorem lorem lorem. Lorem lorem lorem.\n",
        "publishDate": "2025-03-20T03:25:10.5140444+00:00"
    },
    {
        "id": 145,
        "title": "Book 145",
        "description": "Lorem lorem lorem. Lorem lorem lorem. Lorem lorem lorem.\n",
        "pageCount": 14500,
        "excerpt": "Lorem lorem lorem. Lorem lorem lorem. Lorem lorem lorem.\nLorem lorem lorem. Lorem lorem lorem. Lorem lorem lorem.\nLorem lorem lorem. Lorem lorem lorem. Lorem lorem lorem.\nLorem lorem lorem. Lorem lorem lorem. Lorem lorem lorem.\nLorem lorem lorem. Lorem lorem lorem. Lorem lorem lorem.\n",
        "publishDate": "2025-03-19T03:25:10.5140506+00:00"
    },
    {
        "id": 146,
        "title": "Book 146",
        "description": "Lorem lorem lorem. Lorem lorem lorem. Lorem lorem lorem.\n",
        "pageCount": 14600,
        "excerpt": "Lorem lorem lorem. Lorem lorem lorem. Lorem lorem lorem.\nLorem lorem lorem. Lorem lorem lorem. Lorem lorem lorem.\nLorem lorem lorem. Lorem lorem lorem. Lorem lorem lorem.\nLorem lorem lorem. Lorem lorem lorem. Lorem lorem lorem.\nLorem lorem lorem. Lorem lorem lorem. Lorem lorem lorem.\n",
[...]
        "publishDate": "2025-02-23T03:25:10.5142093+00:00"
    },
    {
        "id": 170,
        "title": "Book 170",
        "description": "Lorem lorem lorem. Lorem lorem lorem. Lorem lorem lorem.\n",
        "pageCount": 17000,
        "excerpt": "Lorem lorem lorem. Lorem lorem lorem. Lorem lorem lorem.\nLorem lorem lorem. Lorem lorem lorem. Lorem lorem lorem.\nLorem lorem lorem. Lorem lorem lorem. Lorem lorem lorem.\nLorem lorem lorem. Lorem lorem lorem. Lorem lorem lorem.\nLorem lorem lorem. Lorem lorem lorem. Lorem lorem lorem.\n",
        "publishDate": "2025-02-22T03:25:10.5142156+00:00"
    },
    {
        "id": 171,
        "title": "Book 171",
        "description": "Lorem lorem lorem. Lorem lorem lorem. Lorem lorem lorem.\n",
        "pageCount": 17100,
        "excerpt": "Lorem lorem lorem. Lorem lorem lorem. Lorem lorem lorem.\nLorem lorem lorem. Lorem lorem lorem. Lorem lorem lorem.\nLorem lorem lorem. Lorem lorem lorem. Lorem lorem lorem.\nLorem lorem lorem. Lorem lorem lorem. Lorem lorem lorem.\nLorem lorem lorem. Lorem lorem lorem. Lorem lorem lorem.\n",
        "publishDate": "2025-02-21T03:25:10.5142218+00:00"
    },
    {
        "id": 172,
        "title": "Book 172",
        "description": "Lorem lorem lorem. Lorem lorem lorem. Lorem lorem lorem.\n",
        "pageCount": 17200,
        "excerpt": "Lorem lorem lorem. Lorem lorem lorem. Lorem lorem lorem.\nLorem lorem lorem. Lorem lorem lorem. Lorem lorem lorem.\nLorem lorem lorem. Lorem lorem lorem. Lorem lorem lorem.\nLorem lorem lorem. Lorem lorem lorem. Lorem lorem lorem.\nLorem lorem lorem. Lorem lorem lorem. Lorem lorem lorem.\n",
        "publishDate": "2025-02-20T03:25:10.5142288+00:00"
    },
    {
        "id": 173,
        "title": "Book 173",
        "description": "Lorem lorem lorem. Lorem lorem lorem. Lorem lorem lorem.\n",
        "pageCount": 17300,
        "excerpt": "Lorem lorem lorem. Lorem lorem lorem. Lorem lorem lorem.\nLorem lorem lorem. Lorem lorem lorem. Lorem lorem lorem.\nLorem lorem lorem. Lorem lorem lorem. Lorem lorem lorem.\nLorem lorem lorem. Lorem lorem lorem. Lorem lorem lorem.\nLorem lorem lorem. Lorem lorem lorem. Lorem lorem lorem.\n",
        "publishDate": "2025-02-19T03:25:10.5142349+00:00"
    },
    {
        "id": 174,
        "title": "Book 174",
        "description": "Lorem lorem lorem. Lorem lorem lorem. Lorem lorem lorem.\n",
        "pageCount": 17400,
        "excerpt": "Lorem lorem lorem. Lorem lorem lorem. Lorem lorem lorem.\nLorem lorem lorem. Lorem lorem lorem. Lorem lorem lorem.\nLorem lorem lorem. Lorem lorem lorem. Lorem lorem lorem.\nLorem lorem lorem. Lorem lorem lorem. Lorem lorem lorem.\nLorem lorem lorem. Lorem lorem lorem. Lorem lorem lorem.\n",
        "publishDate": "2025-02-18T03:25:10.514242+00:00"
    },
    {
        "id": 175,
        "title": "Book 175",
        "description": "Lorem lorem lorem. Lorem lorem lorem. Lorem lorem lorem.\n",
        "pageCount": 17500,
        "excerpt": "Lorem lorem lorem. Lorem lorem lorem. Lorem lorem lorem.\nLorem lorem lorem. Lorem lorem lorem. Lorem lorem lorem.\nLorem lorem lorem. Lorem lorem lorem. Lorem lorem lorem.\nLorem lorem lorem. Lorem lorem lorem. Lorem lorem lorem.\nLorem lorem lorem. Lorem lorem lorem. Lorem lorem lorem.\n",
        "publishDate": "2025-02-17T03:25:10.5142483+00:00"
    },
    {
        "id": 176,
        "title": "Book 176",
        "description": "Lorem lorem lorem. Lorem lorem lorem. Lorem lorem lorem.\n",
        "pageCount": 17600,
        "excerpt": "Lorem lorem lorem. Lorem lorem lorem. Lorem lorem lorem.\nLorem lorem lorem. Lorem lorem lorem. Lorem lorem lorem.\nLorem lorem lorem. Lorem lorem lorem. Lorem lorem lorem.\nLorem lorem lorem. Lorem lorem lorem. Lorem lorem lorem.\nLorem lorem lorem. Lorem lorem lorem. Lorem lorem lorem.\n",
        "publishDate": "2025-02-16T03:25:10.5142553+00:00"
    },
    {
        "id": 177,
        "title": "Book 177",
        "description": "Lorem lorem lorem. Lorem lorem lorem. Lorem lorem lorem.\n",
        "pageCount": 17700,
        "excerpt": "Lorem lorem lorem. Lorem lorem lorem. Lorem lorem lorem.\nLorem lorem lorem. Lorem lorem lorem. Lorem lorem lorem.\nLorem lorem lorem. Lorem lorem lorem. Lorem lorem lorem.\nLorem lorem lorem. Lorem lorem lorem. Lorem lorem lorem.\nLorem lorem lorem. Lorem lorem lorem. Lorem lorem lorem.\n",
        "publishDate": "2025-02-15T03:25:10.5142615+00:00"
    },
    {
        "id": 178,
        "title": "Book 178",
        "description": "Lorem lorem lorem. Lorem lorem lorem. Lorem lorem lorem.\n",
        "pageCount": 17800,
        "excerpt": "Lorem lorem lorem. Lorem lorem lorem. Lorem lorem lorem.\nLorem lorem lorem. Lorem lorem lorem. Lorem lorem lorem.\nLorem lorem lorem. Lorem lorem lorem. Lorem lorem lorem.\nLorem lorem lorem. Lorem lorem lorem. Lorem lorem lorem.\nLorem lorem lorem. Lorem lorem lorem. Lorem lorem lorem.\n",
        "publishDate": "2025-02-14T03:25:10.5142686+00:00"
    },
    {
        "id": 179,
        "title": "Book 179",
        "description": "Lorem lorem lorem. Lorem lorem lorem. Lorem lorem lorem.\n",
        "pageCount": 17900,
        "excerpt": "Lorem lorem lorem. Lorem lorem lorem. Lorem lorem lorem.\nLorem lorem lorem. Lorem lorem lorem. Lorem lorem lorem.\nLorem lorem lorem. Lorem lorem lorem. Lorem lorem lorem.\nLorem lorem lorem. Lorem lorem lorem. Lorem lorem lorem.\nLorem lorem lorem. Lorem lorem lorem. Lorem lorem lorem.\n",
        "publishDate": "2025-02-13T03:25:10.5142748+00:00"
    },
    {
        "id": 180,
        "title": "Book 180",
        "description": "Lorem lorem lorem. Lorem lorem lorem. Lorem lorem lorem.\n",
        "pageCount": 18000,
        "excerpt": "Lorem lorem lorem. Lorem lorem lorem. Lorem lorem lorem.\nLorem lorem lorem. Lorem lorem lorem. Lorem lorem lorem.\nLorem lorem lorem. Lorem lorem lorem. Lorem lorem lorem.\nLorem lorem lorem. Lorem lorem lorem. Lorem lorem lorem.\nLorem lorem lorem. Lorem lorem lorem. Lorem lorem lorem.\n",
        "publishDate": "2025-02-12T03:25:10.5142815+00:00"
    },
    {
        "id": 181,
        "title": "Book 181",
        "description": "Lorem lorem lorem. Lorem lorem lorem. Lorem lorem lorem.\n",
        "pageCount": 18100,
        "excerpt": "Lorem lorem lorem. Lorem lorem lorem. Lorem lorem lorem.\nLorem lorem lorem. Lorem lorem lorem. Lorem lorem lorem.\nLorem lorem lorem. Lorem lorem lorem. Lorem lorem lorem.\nLorem lorem lorem. Lorem lorem lorem. Lorem lorem lorem.\nLorem lorem lorem. Lorem lorem lorem. Lorem lorem lorem.\n",
        "publishDate": "2025-02-11T03:25:10.5142877+00:00"
    },
    {
        "id": 182,
        "title": "Book 182",
        "description": "Lorem lorem lorem. Lorem lorem lorem. Lorem lorem lorem.\n",
        "pageCount": 18200,
        "excerpt": "Lorem lorem lorem. Lorem lorem lorem. Lorem lorem lorem.\nLorem lorem lorem. Lorem lorem lorem. Lorem lorem lorem.\nLorem lorem lorem. Lorem lorem lorem. Lorem lorem lorem.\nLorem lorem lorem. Lorem lorem lorem. Lorem lorem lorem.\nLorem lorem lorem. Lorem lorem lorem. Lorem lorem lorem.\n",
        "publishDate": "2025-02-10T03:25:10.5142946+00:00"
    },
    {
        "id": 183,
        "title": "Book 183",
        "description": "Lorem lorem lorem. Lorem lorem lorem. Lorem lorem lorem.\n",
        "pageCount": 18300,
        "excerpt": "Lorem lorem lorem. Lorem lorem lorem. Lorem lorem lorem.\nLorem lorem lorem. Lorem lorem lorem. Lorem lorem lorem.\nLorem lorem lorem. Lorem lorem lorem. Lorem lorem lorem.\nLorem lorem lorem. Lorem lorem lorem. Lorem lorem lorem.\nLorem lorem lorem. Lorem lorem lorem. Lorem lorem lorem.\n",
        "publishDate": "2025-02-09T03:25:10.5143011+00:00"
    },
    {
        "id": 184,
        "title": "Book 184",
        "description": "Lorem lorem lorem. Lorem lorem lorem. Lorem lorem lorem.\n",
        "pageCount": 18400,
        "excerpt": "Lorem lorem lorem. Lorem lorem lorem. Lorem lorem lorem.\nLorem lorem lorem. Lorem lorem lorem. Lorem lorem lorem.\nLorem lorem lorem. Lorem lorem lorem. Lorem lorem lorem.\nLorem lorem lorem. Lorem lorem lorem. Lorem lorem lorem.\nLorem lorem lorem. Lorem lorem lorem. Lorem lorem lorem.\n",
        "publishDate": "2025-02-08T03:25:10.5143074+00:00"
    },
    {
        "id": 185,
        "title": "Book 185",
        "description": "Lorem lorem lorem. Lorem lorem lorem. Lorem lorem lorem.\n",
        "pageCount": 18500,
        "excerpt": "Lorem lorem lorem. Lorem lorem lorem. Lorem lorem lorem.\nLorem lorem lorem. Lorem lorem lorem. Lorem lorem lorem.\nLorem lorem lorem. Lorem lorem lorem. Lorem lorem lorem.\nLorem lorem lorem. Lorem lorem lorem. Lorem lorem lorem.\nLorem lorem lorem. Lorem lorem lorem. Lorem lorem lorem.\n",
        "publishDate": "2025-02-07T03:25:10.5143143+00:00"
    },
    {
        "id": 186,
        "title": "Book 186",
        "description": "Lorem lorem lorem. Lorem lorem lorem. Lorem lorem lorem.\n",
        "pageCount": 18600,
        "excerpt": "Lorem lorem lorem. Lorem lorem lorem. Lorem lorem lorem.\nLorem lorem lorem. Lorem lorem lorem. Lorem lorem lorem.\nLorem lorem lorem. Lorem lorem lorem. Lorem lorem lorem.\nLorem lorem lorem. Lorem lorem lorem. Lorem lorem lorem.\nLorem lorem lorem. Lorem lorem lorem. Lorem lorem lorem.\n",
        "publishDate": "2025-02-06T03:25:10.5143207+00:00"
    },
    {
        "id": 187,
        "title": "Book 187",
        "description": "Lorem lorem lorem. Lorem lorem lorem. Lorem lorem lorem.\n",
        "pageCount": 18700,
        "excerpt": "Lorem lorem lorem. Lorem lorem lorem. Lorem lorem lorem.\nLorem lorem lorem. Lorem lorem lorem. Lorem lorem lorem.\nLorem lorem lorem. Lorem lorem lorem. Lorem lorem lorem.\nLorem lorem lorem. Lorem lorem lorem. Lorem lorem lorem.\nLorem lorem lorem. Lorem lorem lorem. Lorem lorem lorem.\n",
        "publishDate": "2025-02-05T03:25:10.5143277+00:00"
    },
    {
        "id": 188,
        "title": "Book 188",
        "description": "Lorem lorem lorem. Lorem lorem lorem. Lorem lorem lorem.\n",
        "pageCount": 18800,
        "excerpt": "Lorem lorem lorem. Lorem lorem lorem. Lorem lorem lorem.\nLorem lorem lorem. Lorem lorem lorem. Lorem lorem lorem.\nLorem lorem lorem. Lorem lorem lorem. Lorem lorem lorem.\nLorem lorem lorem. Lorem lorem lorem. Lorem lorem lorem.\nLorem lorem lorem. Lorem lorem lorem. Lorem lorem lorem.\n",
        "publishDate": "2025-02-04T03:25:10.5143339+00:00"
    },
    {
        "id": 189,
        "title": "Book 189",
        "description": "Lorem lorem lorem. Lorem lorem lorem. Lorem lorem lorem.\n",
        "pageCount": 18900,
        "excerpt": "Lorem lorem lorem. Lorem lorem lorem. Lorem lorem lorem.\nLorem lorem lorem. Lorem lorem lorem. Lorem lorem lorem.\nLorem lorem lorem. Lorem lorem lorem. Lorem lorem lorem.\nLorem lorem lorem. Lorem lorem lorem. Lorem lorem lorem.\nLorem lorem lorem. Lorem lorem lorem. Lorem lorem lorem.\n",
        "publishDate": "2025-02-03T03:25:10.5143415+00:00"
    },
    {
        "id": 190,
        "title": "Book 190",
        "description": "Lorem lorem lorem. Lorem lorem lorem. Lorem lorem lorem.\n",
        "pageCount": 19000,
        "excerpt": "Lorem lorem lorem. Lorem lorem lorem. Lorem lorem lorem.\nLorem lorem lorem. Lorem lorem lorem. Lorem lorem lorem.\nLorem lorem lorem. Lorem lorem lorem. Lorem lorem lorem.\nLorem lorem lorem. Lorem lorem lorem. Lorem lorem lorem.\nLorem lorem lorem. Lorem lorem lorem. Lorem lorem lorem.\n",
        "publishDate": "2025-02-02T03:25:10.5143477+00:00"
    },
    {
        "id": 191,
        "title": "Book 191",
        "description": "Lorem lorem lorem. Lorem lorem lorem. Lorem lorem lorem.\n",
        "pageCount": 19100,
        "excerpt": "Lorem lorem lorem. Lorem lorem lorem. Lorem lorem lorem.\nLorem lorem lorem. Lorem lorem lorem. Lorem lorem lorem.\nLorem lorem lorem. Lorem lorem lorem. Lorem lorem lorem.\nLorem lorem lorem. Lorem lorem lorem. Lorem lorem lorem.\nLorem lorem lorem. Lorem lorem lorem. Lorem lorem lorem.\n",
        "publishDate": "2025-02-01T03:25:10.5143547+00:00"
    },
    {
        "id": 192,
        "title": "Book 192",
        "description": "Lorem lorem lorem. Lorem lorem lorem. Lorem lorem lorem.\n",
        "pageCount": 19200,
        "excerpt": "Lorem lorem lorem. Lorem lorem lorem. Lorem lorem lorem.\nLorem lorem lorem. Lorem lorem lorem. Lorem lorem lorem.\nLorem lorem lorem. Lorem lorem lorem. Lorem lorem lorem.\nLorem lorem lorem. Lorem lorem lorem. Lorem lorem lorem.\nLorem lorem lorem. Lorem lorem lorem. Lorem lorem lorem.\n",
        "publishDate": "2025-01-31T03:25:10.514361+00:00"
    },
    {
        "id": 193,
        "title": "Book 193",
        "description": "Lorem lorem lorem. Lorem lorem lorem. Lorem lorem lorem.\n",
        "pageCount": 19300,
        "excerpt": "Lorem lorem lorem. Lorem lorem lorem. Lorem lorem lorem.\nLorem lorem lorem. Lorem lorem lorem. Lorem lorem lorem.\nLorem lorem lorem. Lorem lorem lorem. Lorem lorem lorem.\nLorem lorem lorem. Lorem lorem lorem. Lorem lorem lorem.\nLorem lorem lorem. Lorem lorem lorem. Lorem lorem lorem.\n",
        "publishDate": "2025-01-30T03:25:10.514368+00:00"
    },
    {
        "id": 194,
        "title": "Book 194",
        "description": "Lorem lorem lorem. Lorem lorem lorem. Lorem lorem lorem.\n",
        "pageCount": 19400,
        "excerpt": "Lorem lorem lorem. Lorem lorem lorem. Lorem lorem lorem.\nLorem lorem lorem. Lorem lorem lorem. Lorem lorem lorem.\nLorem lorem lorem. Lorem lorem lorem. Lorem lorem lorem.\nLorem lorem lorem. Lorem lorem lorem. Lorem lorem lorem.\nLorem lorem lorem. Lorem lorem lorem. Lorem lorem lorem.\n",
        "publishDate": "2025-01-29T03:25:10.5143742+00:00"
    },
    {
        "id": 195,
        "title": "Book 195",
        "description": "Lorem lorem lorem. Lorem lorem lorem. Lorem lorem lorem.\n",
        "pageCount": 19500,
        "excerpt": "Lorem lorem lorem. Lorem lorem lorem. Lorem lorem lorem.\nLorem lorem lorem. Lorem lorem lorem. Lorem lorem lorem.\nLorem lorem lorem. Lorem lorem lorem. Lorem lorem lorem.\nLorem lorem lorem. Lorem lorem lorem. Lorem lorem lorem.\nLorem lorem lorem. Lorem lorem lorem. Lorem lorem lorem.\n",
        "publishDate": "2025-01-28T03:25:10.514381+00:00"
    },
    {
        "id": 196,
        "title": "Book 196",
        "description": "Lorem lorem lorem. Lorem lorem lorem. Lorem lorem lorem.\n",
        "pageCount": 19600,
        "excerpt": "Lorem lorem lorem. Lorem lorem lorem. Lorem lorem lorem.\nLorem lorem lorem. Lorem lorem lorem. Lorem lorem lorem.\nLorem lorem lorem. Lorem lorem lorem. Lorem lorem lorem.\nLorem lorem lorem. Lorem lorem lorem. Lorem lorem lorem.\nLorem lorem lorem. Lorem lorem lorem. Lorem lorem lorem.\n",
        "publishDate": "2025-01-27T03:25:10.5143871+00:00"
    },
    {
        "id": 197,
        "title": "Book 197",
        "description": "Lorem lorem lorem. Lorem lorem lorem. Lorem lorem lorem.\n",
        "pageCount": 19700,
        "excerpt": "Lorem lorem lorem. Lorem lorem lorem. Lorem lorem lorem.\nLorem lorem lorem. Lorem lorem lorem. Lorem lorem lorem.\nLorem lorem lorem. Lorem lorem lorem. Lorem lorem lorem.\nLorem lorem lorem. Lorem lorem lorem. Lorem lorem lorem.\nLorem lorem lorem. Lorem lorem lorem. Lorem lorem lorem.\n",
        "publishDate": "2025-01-26T03:25:10.5143941+00:00"
    },
    {
        "id": 198,
        "title": "Book 198",
        "description": "Lorem lorem lorem. Lorem lorem lorem. Lorem lorem lorem.\n",
        "pageCount": 19800,
        "excerpt": "Lorem lorem lorem. Lorem lorem lorem. Lorem lorem lorem.\nLorem lorem lorem. Lorem lorem lorem. Lorem lorem lorem.\nLorem lorem lorem. Lorem lorem lorem. Lorem lorem lorem.\nLorem lorem lorem. Lorem lorem lorem. Lorem lorem lorem.\nLorem lorem lorem. Lorem lorem lorem. Lorem lorem lorem.\n",
        "publishDate": "2025-01-25T03:25:10.5144003+00:00"
    },
    {
        "id": 199,
        "title": "Book 199",
        "description": "Lorem lorem lorem. Lorem lorem lorem. Lorem lorem lorem.\n",
        "pageCount": 19900,
        "excerpt": "Lorem lorem lorem. Lorem lorem lorem. Lorem lorem lorem.\nLorem lorem lorem. Lorem lorem lorem. Lorem lorem lorem.\nLorem lorem lorem. Lorem lorem lorem. Lorem lorem lorem.\nLorem lorem lorem. Lorem lorem lorem. Lorem lorem lorem.\nLorem lorem lorem. Lorem lorem lorem. Lorem lorem lorem.\n",
        "publishDate": "2025-01-24T03:25:10.5144068+00:00"
    },
    {
        "id": 200,
        "title": "Book 200",
        "description": "Lorem lorem lorem. Lorem lorem lorem. Lorem lorem lorem.\n",
        "pageCount": 20000,
        "excerpt": "Lorem lorem lorem. Lorem lorem lorem. Lorem lorem lorem.\nLorem lorem lorem. Lorem lorem lorem. Lorem lorem lorem.\nLorem lorem lorem. Lorem lorem lorem. Lorem lorem lorem.\nLorem lorem lorem. Lorem lorem lorem. Lorem lorem lorem.\nLorem lorem lorem. Lorem lorem lorem. Lorem lorem lorem.\n",
        "publishDate": "2025-01-23T03:25:10.5144145+00:00"
    }
]
]]></system-out>
  </testcase>
  <testcase name="updateBook_returnsUpdatedData" classname="com.bookstore.book.BooksApiTest" time="0.848">
    <system-out><![CDATA[HTTP/1.1 200 OK
Content-Type: application/json; charset=utf-8; v=1.0
Date: Mon, 11 Aug 2025 03:25:10 GMT
Server: Kestrel
Transfer-Encoding: chunked
api-supported-versions: 1.0

{
    "id": 669495,
    "title": "When the Green Woods Laugh",
    "description": "Ratione sed incidunt dignissimos amet sequi deserunt.",
    "pageCount": 330,
    "excerpt": "Sequi reiciendis deleniti adipisci. Mollitia vitae sint maxime. Veniam laboriosam aliquid.",
    "publishDate": "2025-08-11T03:25:10.699843Z"
}
HTTP/1.1 200 OK
Content-Type: application/json; charset=utf-8; v=1.0
Date: Mon, 11 Aug 2025 03:25:10 GMT
Server: Kestrel
Transfer-Encoding: chunked
api-supported-versions: 1.0

{
    "id": 198702,
    "title": "Updated Title",
    "description": "Sequi quibusdam harum tempora. Commodi totam iste. Modi iste tempora veritatis.",
    "pageCount": 311,
    "excerpt": "Deleniti vitae recusandae. Ipsam mollitia suscipit commodi laudantium ea.",
    "publishDate": "2025-08-11T03:25:11.145619Z"
}
HTTP/1.1 200 OK
Content-Length: 0
Date: Mon, 11 Aug 2025 03:25:10 GMT
Server: Kestrel
api-supported-versions: 1.0
]]></system-out>
  </testcase>
  <testcase name="deleteBook_returns200" classname="com.bookstore.book.BooksApiTest" time="0.372">
    <system-out><![CDATA[HTTP/1.1 200 OK
Content-Type: application/json; charset=utf-8; v=1.0
Date: Mon, 11 Aug 2025 03:25:11 GMT
Server: Kestrel
Transfer-Encoding: chunked
api-supported-versions: 1.0

{
    "id": 425707,
    "title": "A Monstrous Regiment of Women",
    "description": "Rem corporis animi error.",
    "pageCount": 131,
    "excerpt": "Nostrum explicabo eligendi nulla reiciendis vel. Qui ut quia. Architecto amet illum nulla assumenda ad inventore.",
    "publishDate": "2025-08-11T03:25:11.537548Z"
}
HTTP/1.1 200 OK
Content-Length: 0
Date: Mon, 11 Aug 2025 03:25:11 GMT
Server: Kestrel
api-supported-versions: 1.0
]]></system-out>
  </testcase>
  <testcase name="createBook_returns201" classname="com.bookstore.book.BooksApiTest" time="0.401">
    <system-out><![CDATA[HTTP/1.1 200 OK
Content-Type: application/json; charset=utf-8; v=1.0
Date: Mon, 11 Aug 2025 03:25:11 GMT
Server: Kestrel
Transfer-Encoding: chunked
api-supported-versions: 1.0

{
    "id": 940839,
    "title": "Lilies of the Field",
    "description": "Fuga omnis eos numquam deleniti debitis. Praesentium voluptatibus saepe assumenda cumque laudantium non. Praesentium cupiditate pariatur esse sequi itaque.",
    "pageCount": 93,
    "excerpt": "Repellendus fugit sapiente voluptates corrupti. Distinctio porro pariatur reprehenderit recusandae autem magni. Ut suscipit iste voluptates.",
    "publishDate": "2025-08-11T03:25:11.910834Z"
}
HTTP/1.1 200 OK
Content-Length: 0
Date: Mon, 11 Aug 2025 03:25:11 GMT
Server: Kestrel
api-supported-versions: 1.0
]]></system-out>
  </testcase>
</testsuite>