<?xml version="1.0" encoding="UTF-8"?>
<testsuite xmlns:xsi="http://www.w3.org/2001/XMLSchema-instance" xsi:noNamespaceSchemaLocation="https://maven.apache.org/surefire/maven-surefire-plugin/xsd/surefire-test-report-3.0.xsd" version="3.0" name="com.bookstore.author.AuthorEdgeCaseTest" time="2.92" tests="7" errors="0" skipped="0" failures="0">
  <properties>
[...]
</properties>
  <testcase name="createAuthorWithEmptyFirstAndLastName" classname="com.bookstore.author.AuthorEdgeCaseTest" time="0.515">
    <system-out><![CDATA[HTTP/1.1 200 OK
Content-Type: application/json; charset=utf-8; v=1.0
Date: Mon, 11 Aug 2025 03:25:02 GMT
Server: Kestrel
Transfer-Encoding: chunked
api-supported-versions: 1.0

{
    "id": 91973,
    "idBook": 86292,
    "firstName": "",
    "lastName": ""
}
HTTP/1.1 200 OK
Content-Length: 0
Date: Mon, 11 Aug 2025 03:25:02 GMT
Server: Kestrel
api-supported-versions: 1.0
]]></system-out>
  </testcase>
  <testcase name="createAuthorWithSpecialCharacters" classname="com.bookstore.author.AuthorEdgeCaseTest" time="0.417">
    <system-out><![CDATA[HTTP/1.1 200 OK
Content-Type: application/json; charset=utf-8; v=1.0
Date: Mon, 11 Aug 2025 03:25:02 GMT
Server: Kestrel
Transfer-Encoding: chunked
api-supported-versions: 1.0

{
    "id": 94769,
    "idBook": 60817,
    "firstName": "Jöhn D'oe",
    "lastName": "O'Conner-Smith"
}
HTTP/1.1 200 OK
Content-Length: 0
Date: Mon, 11 Aug 2025 03:25:02 GMT
Server: Kestrel
api-supported-versions: 1.0
]]></system-out>
  </testcase>
  <testcase name="createAuthorWithNullFirstName" classname="com.bookstore.author.AuthorEdgeCaseTest" time="0.396">
    <system-out><![CDATA[HTTP/1.1 200 OK
Content-Type: application/json; charset=utf-8; v=1.0
Date: Mon, 11 Aug 2025 03:25:02 GMT
Server: Kestrel
Transfer-Encoding: chunked
api-supported-versions: 1.0

{
    "id": 51102,
    "idBook": 48011,
    "firstName": null,
    "lastName": "Hyatt"
}
HTTP/1.1 200 OK
Content-Length: 0
Date: Mon, 11 Aug 2025 03:25:03 GMT
Server: Kestrel
api-supported-versions: 1.0
]]></system-out>
  </testcase>
  <testcase name="createAuthorWithNullLastName" classname="com.bookstore.author.AuthorEdgeCaseTest" time="0.413">
    <system-out><![CDATA[HTTP/1.1 200 OK
Content-Type: application/json; charset=utf-8; v=1.0
Date: Mon, 11 Aug 2025 03:25:03 GMT
Server: Kestrel
Transfer-Encoding: chunked
api-supported-versions: 1.0

{
    "id": 31101,
    "idBook": 56841,
    "firstName": "Rickie",
    "lastName": null
}
HTTP/1.1 200 OK
Content-Length: 0
Date: Mon, 11 Aug 2025 03:25:03 GMT
Server: Kestrel
api-supported-versions: 1.0
]]></system-out>
  </testcase>
  <testcase name="createAuthorWithMaxLengthFields" classname="com.bookstore.author.AuthorEdgeCaseTest" time="0.37">
    <system-out><![CDATA[HTTP/1.1 200 OK
Content-Type: application/json; charset=utf-8; v=1.0
Date: Mon, 11 Aug 2025 03:25:03 GMT
Server: Kestrel
Transfer-Encoding: chunked
api-supported-versions: 1.0

{
    "id": 7008,
    "idBook": 80589,
    "firstName": "0eg3e03845920s1um0bu9ibn4786ceil56sj0k6v38k70617hl53zw5m3wfel250y3uy08q1aj79aj11dl4j5qr9fo9v809k7702hk7sjn02m0bfzlgp1891qokixrgok50b5f4zhj5k55860gow3xu6r22wd45b39877450t79s6k7hv7d8024za45bukks50j4t2p18j78zv3di49s93hu63u5397fy0s8u6z14uc7ybic10h2s53kn2d7i15",
    "lastName": "r6201214k3yl44xwln37nbzi13eoi8218i99hh07y1d349i0373305076em8624o52db6s6m9w6x1e826qhgn60uw52j552825l77et4c678ndt006xmw5szvg2r2de5ilp07z912y72x3r60fku0gw0d9vb4xaex1n8olq1194kbkztg2i13t58x16af1uurz314tw2r0e852m8hq43o9b8z2n51a4p492k2ww1tsh9nu8r0nc9ka69co3b1ri"
}
HTTP/1.1 200 OK
Content-Length: 0
Date: Mon, 11 Aug 2025 03:25:03 GMT
Server: Kestrel
api-supported-versions: 1.0
]]></system-out>
  </testcase>
  <testcase name="createAuthorWithEmptyFirstName" classname="com.bookstore.author.AuthorEdgeCaseTest" time="0.39">
    <system-out><![CDATA[HTTP/1.1 200 OK
Content-Type: application/json; charset=utf-8; v=1.0
Date: Mon, 11 Aug 2025 03:25:04 GMT
Server: Kestrel
Transfer-Encoding: chunked
api-supported-versions: 1.0

{
    "id": 96108,
    "idBook": 56229,
    "firstName": "",
    "lastName": "Keeling"
}
HTTP/1.1 200 OK
Content-Length: 0
Date: Mon, 11 Aug 2025 03:25:04 GMT
Server: Kestrel
api-supported-versions: 1.0
]]></system-out>
  </testcase>
  <testcase name="createAuthorWithEmptyLastName" classname="com.bookstore.author.AuthorEdgeCaseTest" time="0.405">
    <system-out><![CDATA[HTTP/1.1 200 OK
Content-Type: application/json; charset=utf-8; v=1.0
Date: Mon, 11 Aug 2025 03:25:04 GMT
Server: Kestrel
Transfer-Encoding: chunked
api-supported-versions: 1.0

{
    "id": 35022,
    "idBook": 29437,
    "firstName": "Gonzalo",
    "lastName": ""
}
HTTP/1.1 200 OK
Content-Length: 0
Date: Mon, 11 Aug 2025 03:25:04 GMT
Server: Kestrel
api-supported-versions: 1.0
]]></system-out>
  </testcase>
</testsuite>